# JRE version: OpenJDK Runtime Environment Temurin-21.0.10+7 (21.0.10+7) (build 21.0.10+7-LTS)
# Java VM: OpenJDK 64-Bit Server VM Temurin-21.0.10+7 (21.0.10+7-LTS, mixed mode, sharing, tiered, compressed oops, compressed class ptrs, parallel gc, windows-amd64)
GC Precious Log:
 CardTable entry size: 512
 CPUs: 12 total, 12 available
 Memory: 8059M
 Large Page Support: Disabled
 NUMA Support: Disabled
 Compressed Oops: Enabled (32-bit)
 Alignments: Space 512K, Generation 512K, Heap 2M
 Heap Min Capacity: 100M
 Heap Initial Capacity: 100M
 Heap Max Capacity: 2G
 Pre-touch: Disabled
 Parallel Workers: 10
Heap:
 PSYoungGen      total 16896K, used 4689K [0x00000000d5580000, 0x00000000d6880000, 0x0000000100000000)
  eden space 15360K, 20% used [0x00000000d5580000,0x00000000d58a1228,0x00000000d6480000)
  from space 1536K, 96% used [0x00000000d6480000,0x00000000d65f3510,0x00000000d6600000)
  to   space 2048K, 0% used [0x00000000d6680000,0x00000000d6680000,0x00000000d6880000)
 ParOldGen       total 68608K, used 35270K [0x0000000080000000, 0x0000000084300000, 0x00000000d5580000)
  object space 68608K, 51% used [0x0000000080000000,0x00000000822719d0,0x0000000084300000)
 Metaspace       used 39841K, committed 41024K, reserved 1114112K
  class space    used 4221K, committed 4736K, reserved 1048576K
GC Heap History (20 events):
Event: 26.369 GC heap before
{Heap before GC invocations=19 (full 1):
 PSYoungGen      total 16896K, used 16881K [0x00000000d5580000, 0x00000000d6900000, 0x0000000100000000)
  eden space 15872K, 100% used [0x00000000d5580000,0x00000000d6500000,0x00000000d6500000)
  from space 1024K, 98% used [0x00000000d6680000,0x00000000d677c670,0x00000000d6780000)
  to   space 1536K, 0% used [0x00000000d6780000,0x00000000d6780000,0x00000000d6900000)
 ParOldGen       total 68608K, used 30465K [0x0000000080000000, 0x0000000084300000, 0x00000000d5580000)
  object space 68608K, 44% used [0x0000000080000000,0x0000000081dc0488,0x0000000084300000)
 Metaspace       used 33266K, committed 34304K, reserved 1114112K
  class space    used 3336K, committed 3776K, reserved 1048576K
}
Event: 26.371 GC heap after
{Heap after GC invocations=19 (full 1):
 PSYoungGen      total 16384K, used 256K [0x00000000d5580000, 0x00000000d6800000, 0x0000000100000000)
  eden space 15872K, 0% used [0x00000000d5580000,0x00000000d5580000,0x00000000d6500000)
  from space 512K, 50% used [0x00000000d6780000,0x00000000d67c0000,0x00000000d6800000)
  to   space 1024K, 0% used [0x00000000d6600000,0x00000000d6600000,0x00000000d6700000)
 ParOldGen       total 68608K, used 31435K [0x0000000080000000, 0x0000000084300000, 0x00000000d5580000)
  object space 68608K, 45% used [0x0000000080000000,0x0000000081eb2e18,0x0000000084300000)
 Metaspace       used 33266K, committed 34304K, reserved 1114112K
  class space    used 3336K, committed 3776K, reserved 1048576K
}
Event: 26.400 GC heap before
{Heap before GC invocations=20 (full 1):
 PSYoungGen      total 16384K, used 16128K [0x00000000d5580000, 0x00000000d6800000, 0x0000000100000000)
  eden space 15872K, 100% used [0x00000000d5580000,0x00000000d6500000,0x00000000d6500000)
  from space 512K, 50% used [0x00000000d6780000,0x00000000d67c0000,0x00000000d6800000)
  to   space 1024K, 0% used [0x00000000d6600000,0x00000000d6600000,0x00000000d6700000)
 ParOldGen       total 68608K, used 31439K [0x0000000080000000, 0x0000000084300000, 0x00000000d5580000)
  object space 68608K, 45% used [0x0000000080000000,0x0000000081eb3e40,0x0000000084300000)
 Metaspace       used 33543K, committed 34624K, reserved 1114112K
  class space    used 3383K, committed 3840K, reserved 1048576K
}
Event: 26.400 GC heap after
{Heap after GC invocations=20 (full 1):
 PSYoungGen      total 16896K, used 320K [0x00000000d5580000, 0x00000000d6800000, 0x0000000100000000)
  eden space 15872K, 0% used [0x00000000d5580000,0x00000000d5580000,0x00000000d6500000)
  from space 1024K, 31% used [0x00000000d6600000,0x00000000d6650000,0x00000000d6700000)
  to   space 512K, 0% used [0x00000000d6780000,0x00000000d6780000,0x00000000d6800000)
 ParOldGen       total 68608K, used 31519K [0x0000000080000000, 0x0000000084300000, 0x00000000d5580000)
  object space 68608K, 45% used [0x0000000080000000,0x0000000081ec7e40,0x0000000084300000)
 Metaspace       used 33543K, committed 34624K, reserved 1114112K
  class space    used 3383K, committed 3840K, reserved 1048576K
}
Event: 26.517 GC heap before
{Heap before GC invocations=21 (full 1):
 PSYoungGen      total 16896K, used 16192K [0x00000000d5580000, 0x00000000d6800000, 0x0000000100000000)
  eden space 15872K, 100% used [0x00000000d5580000,0x00000000d6500000,0x00000000d6500000)
  from space 1024K, 31% used [0x00000000d6600000,0x00000000d6650000,0x00000000d6700000)
  to   space 512K, 0% used [0x00000000d6780000,0x00000000d6780000,0x00000000d6800000)
 ParOldGen       total 68608K, used 31524K [0x0000000080000000, 0x0000000084300000, 0x00000000d5580000)
  object space 68608K, 45% used [0x0000000080000000,0x0000000081ec9078,0x0000000084300000)
 Metaspace       used 34647K, committed 35712K, reserved 1114112K
  class space    used 3525K, committed 3968K, reserved 1048576K
}
Event: 26.519 GC heap after
{Heap after GC invocations=21 (full 1):
 PSYoungGen      total 16384K, used 496K [0x00000000d5580000, 0x00000000d6800000, 0x0000000100000000)
  eden space 15872K, 0% used [0x00000000d5580000,0x00000000d5580000,0x00000000d6500000)
  from space 512K, 97% used [0x00000000d6780000,0x00000000d67fc338,0x00000000d6800000)
  to   space 1024K, 0% used [0x00000000d6600000,0x00000000d6600000,0x00000000d6700000)
 ParOldGen       total 68608K, used 31637K [0x0000000080000000, 0x0000000084300000, 0x00000000d5580000)
  object space 68608K, 46% used [0x0000000080000000,0x0000000081ee55b8,0x0000000084300000)
 Metaspace       used 34647K, committed 35712K, reserved 1114112K
  class space    used 3525K, committed 3968K, reserved 1048576K
}
Event: 26.538 GC heap before
{Heap before GC invocations=22 (full 1):
 PSYoungGen      total 16384K, used 2197K [0x00000000d5580000, 0x00000000d6800000, 0x0000000100000000)
  eden space 15872K, 10% used [0x00000000d5580000,0x00000000d5729470,0x00000000d6500000)
  from space 512K, 97% used [0x00000000d6780000,0x00000000d67fc338,0x00000000d6800000)
  to   space 1024K, 0% used [0x00000000d6600000,0x00000000d6600000,0x00000000d6700000)
 ParOldGen       total 68608K, used 31637K [0x0000000080000000, 0x0000000084300000, 0x00000000d5580000)
  object space 68608K, 46% used [0x0000000080000000,0x0000000081ee55b8,0x0000000084300000)
 Metaspace       used 34826K, committed 35840K, reserved 1114112K
  class space    used 3551K, committed 3968K, reserved 1048576K
}
Event: 26.540 GC heap after
{Heap after GC invocations=22 (full 1):
 PSYoungGen      total 16896K, used 471K [0x00000000d5580000, 0x00000000d6800000, 0x0000000100000000)
  eden space 15872K, 0% used [0x00000000d5580000,0x00000000d5580000,0x00000000d6500000)
  from space 1024K, 46% used [0x00000000d6600000,0x00000000d6675ec8,0x00000000d6700000)
  to   space 1024K, 0% used [0x00000000d6700000,0x00000000d6700000,0x00000000d6800000)
 ParOldGen       total 68608K, used 32092K [0x0000000080000000, 0x0000000084300000, 0x00000000d5580000)
  object space 68608K, 46% used [0x0000000080000000,0x0000000081f57120,0x0000000084300000)
 Metaspace       used 34826K, committed 35840K, reserved 1114112K
  class space    used 3551K, committed 3968K, reserved 1048576K
}
Event: 26.540 GC heap before
{Heap before GC invocations=23 (full 2):
 PSYoungGen      total 16896K, used 471K [0x00000000d5580000, 0x00000000d6800000, 0x0000000100000000)
  eden space 15872K, 0% used [0x00000000d5580000,0x00000000d5580000,0x00000000d6500000)
  from space 1024K, 46% used [0x00000000d6600000,0x00000000d6675ec8,0x00000000d6700000)
  to   space 1024K, 0% used [0x00000000d6700000,0x00000000d6700000,0x00000000d6800000)
 ParOldGen       total 68608K, used 32092K [0x0000000080000000, 0x0000000084300000, 0x00000000d5580000)
  object space 68608K, 46% used [0x0000000080000000,0x0000000081f57120,0x0000000084300000)
 Metaspace       used 34826K, committed 35840K, reserved 1114112K
  class space    used 3551K, committed 3968K, reserved 1048576K
}
Event: 26.591 GC heap after
{Heap after GC invocations=23 (full 2):
 PSYoungGen      total 16896K, used 0K [0x00000000d5580000, 0x00000000d6800000, 0x0000000100000000)
  eden space 15872K, 0% used [0x00000000d5580000,0x00000000d5580000,0x00000000d6500000)
  from space 1024K, 0% used [0x00000000d6600000,0x00000000d6600000,0x00000000d6700000)
  to   space 1024K, 0% used [0x00000000d6700000,0x00000000d6700000,0x00000000d6800000)
 ParOldGen       total 68608K, used 30435K [0x0000000080000000, 0x0000000084300000, 0x00000000d5580000)
  object space 68608K, 44% used [0x0000000080000000,0x0000000081db8f10,0x0000000084300000)
 Metaspace       used 34803K, committed 35840K, reserved 1114112K
  class space    used 3544K, committed 3968K, reserved 1048576K
}
Event: 26.800 GC heap before
{Heap before GC invocations=24 (full 2):
 PSYoungGen      total 16896K, used 15618K [0x00000000d5580000, 0x00000000d6800000, 0x0000000100000000)
  eden space 15872K, 98% used [0x00000000d5580000,0x00000000d64c0b58,0x00000000d6500000)
  from space 1024K, 0% used [0x00000000d6600000,0x00000000d6600000,0x00000000d6700000)
  to   space 1024K, 0% used [0x00000000d6700000,0x00000000d6700000,0x00000000d6800000)
 ParOldGen       total 68608K, used 30435K [0x0000000080000000, 0x0000000084300000, 0x00000000d5580000)
  object space 68608K, 44% used [0x0000000080000000,0x0000000081db8f10,0x0000000084300000)
 Metaspace       used 36108K, committed 37120K, reserved 1114112K
  class space    used 3740K, committed 4160K, reserved 1048576K
}
Event: 26.803 GC heap after
{Heap after GC invocations=24 (full 2):
 PSYoungGen      total 16896K, used 1008K [0x00000000d5580000, 0x00000000d6900000, 0x0000000100000000)
  eden space 15872K, 0% used [0x00000000d5580000,0x00000000d5580000,0x00000000d6500000)
  from space 1024K, 98% used [0x00000000d6700000,0x00000000d67fc040,0x00000000d6800000)
  to   space 2048K, 0% used [0x00000000d6500000,0x00000000d6500000,0x00000000d6700000)
 ParOldGen       total 68608K, used 31175K [0x0000000080000000, 0x0000000084300000, 0x00000000d5580000)
  object space 68608K, 45% used [0x0000000080000000,0x0000000081e71f30,0x0000000084300000)
 Metaspace       used 36108K, committed 37120K, reserved 1114112K
  class space    used 3740K, committed 4160K, reserved 1048576K
}
Event: 26.879 GC heap before
{Heap before GC invocations=25 (full 2):
 PSYoungGen      total 16896K, used 16880K [0x00000000d5580000, 0x00000000d6900000, 0x0000000100000000)
  eden space 15872K, 100% used [0x00000000d5580000,0x00000000d6500000,0x00000000d6500000)
  from space 1024K, 98% used [0x00000000d6700000,0x00000000d67fc040,0x00000000d6800000)
  to   space 2048K, 0% used [0x00000000d6500000,0x00000000d6500000,0x00000000d6700000)
 ParOldGen       total 68608K, used 31175K [0x0000000080000000, 0x0000000084300000, 0x00000000d5580000)
  object space 68608K, 45% used [0x0000000080000000,0x0000000081e71f30,0x0000000084300000)
 Metaspace       used 36633K, committed 37632K, reserved 1114112K
  class space    used 3814K, committed 4224K, reserved 1048576K
}
Event: 26.881 GC heap after
{Heap after GC invocations=25 (full 2):
 PSYoungGen      total 17920K, used 1819K [0x00000000d5580000, 0x00000000d6900000, 0x0000000100000000)
  eden space 15872K, 0% used [0x00000000d5580000,0x00000000d5580000,0x00000000d6500000)
  from space 2048K, 88% used [0x00000000d6500000,0x00000000d66c6ee8,0x00000000d6700000)
  to   space 2048K, 0% used [0x00000000d6700000,0x00000000d6700000,0x00000000d6900000)
 ParOldGen       total 68608K, used 31947K [0x0000000080000000, 0x0000000084300000, 0x00000000d5580000)
  object space 68608K, 46% used [0x0000000080000000,0x0000000081f32e40,0x0000000084300000)
 Metaspace       used 36633K, committed 37632K, reserved 1114112K
  class space    used 3814K, committed 4224K, reserved 1048576K
}
Event: 26.982 GC heap before
{Heap before GC invocations=26 (full 2):
 PSYoungGen      total 17920K, used 17685K [0x00000000d5580000, 0x00000000d6900000, 0x0000000100000000)
  eden space 15872K, 99% used [0x00000000d5580000,0x00000000d64fe650,0x00000000d6500000)
  from space 2048K, 88% used [0x00000000d6500000,0x00000000d66c6ee8,0x00000000d6700000)
  to   space 2048K, 0% used [0x00000000d6700000,0x00000000d6700000,0x00000000d6900000)
 ParOldGen       total 68608K, used 31947K [0x0000000080000000, 0x0000000084300000, 0x00000000d5580000)
  object space 68608K, 46% used [0x0000000080000000,0x0000000081f32e40,0x0000000084300000)
 Metaspace       used 37292K, committed 38272K, reserved 1114112K
  class space    used 3894K, committed 4288K, reserved 1048576K
}
Event: 26.985 GC heap after
{Heap after GC invocations=26 (full 2):
 PSYoungGen      total 16896K, used 768K [0x00000000d5580000, 0x00000000d6800000, 0x0000000100000000)
  eden space 15872K, 0% used [0x00000000d5580000,0x00000000d5580000,0x00000000d6500000)
  from space 1024K, 75% used [0x00000000d6700000,0x00000000d67c0000,0x00000000d6800000)
  to   space 1536K, 0% used [0x00000000d6500000,0x00000000d6500000,0x00000000d6680000)
 ParOldGen       total 68608K, used 33497K [0x0000000080000000, 0x0000000084300000, 0x00000000d5580000)
  object space 68608K, 48% used [0x0000000080000000,0x00000000820b6708,0x0000000084300000)
 Metaspace       used 37292K, committed 38272K, reserved 1114112K
  class space    used 3894K, committed 4288K, reserved 1048576K
}
Event: 27.082 GC heap before
{Heap before GC invocations=27 (full 2):
 PSYoungGen      total 16896K, used 16445K [0x00000000d5580000, 0x00000000d6800000, 0x0000000100000000)
  eden space 15872K, 98% used [0x00000000d5580000,0x00000000d64cf520,0x00000000d6500000)
  from space 1024K, 75% used [0x00000000d6700000,0x00000000d67c0000,0x00000000d6800000)
  to   space 1536K, 0% used [0x00000000d6500000,0x00000000d6500000,0x00000000d6680000)
 ParOldGen       total 68608K, used 33497K [0x0000000080000000, 0x0000000084300000, 0x00000000d5580000)
  object space 68608K, 48% used [0x0000000080000000,0x00000000820b6708,0x0000000084300000)
 Metaspace       used 38104K, committed 39232K, reserved 1114112K
  class space    used 3993K, committed 4480K, reserved 1048576K
}
Event: 27.085 GC heap after
{Heap after GC invocations=27 (full 2):
 PSYoungGen      total 17408K, used 1463K [0x00000000d5580000, 0x00000000d6900000, 0x0000000100000000)
  eden space 15872K, 0% used [0x00000000d5580000,0x00000000d5580000,0x00000000d6500000)
  from space 1536K, 95% used [0x00000000d6500000,0x00000000d666dfb0,0x00000000d6680000)
  to   space 2048K, 0% used [0x00000000d6700000,0x00000000d6700000,0x00000000d6900000)
 ParOldGen       total 68608K, used 34073K [0x0000000080000000, 0x0000000084300000, 0x00000000d5580000)
  object space 68608K, 49% used [0x0000000080000000,0x0000000082146708,0x0000000084300000)
 Metaspace       used 38104K, committed 39232K, reserved 1114112K
  class space    used 3993K, committed 4480K, reserved 1048576K
}
Event: 27.194 GC heap before
{Heap before GC invocations=28 (full 2):
 PSYoungGen      total 17408K, used 17335K [0x00000000d5580000, 0x00000000d6900000, 0x0000000100000000)
  eden space 15872K, 100% used [0x00000000d5580000,0x00000000d6500000,0x00000000d6500000)
  from space 1536K, 95% used [0x00000000d6500000,0x00000000d666dfb0,0x00000000d6680000)
  to   space 2048K, 0% used [0x00000000d6700000,0x00000000d6700000,0x00000000d6900000)
 ParOldGen       total 68608K, used 34073K [0x0000000080000000, 0x0000000084300000, 0x00000000d5580000)
  object space 68608K, 49% used [0x0000000080000000,0x0000000082146708,0x0000000084300000)
 Metaspace       used 38810K, committed 39872K, reserved 1114112K
  class space    used 4081K, committed 4544K, reserved 1048576K
}
Event: 27.197 GC heap after
{Heap after GC invocations=28 (full 2):
 PSYoungGen      total 17408K, used 1962K [0x00000000d5580000, 0x00000000d6a00000, 0x0000000100000000)
  eden space 15360K, 0% used [0x00000000d5580000,0x00000000d5580000,0x00000000d6480000)
  from space 2048K, 95% used [0x00000000d6700000,0x00000000d68ea8b8,0x00000000d6900000)
  to   space 2560K, 0% used [0x00000000d6480000,0x00000000d6480000,0x00000000d6700000)
 ParOldGen       total 68608K, used 34425K [0x0000000080000000, 0x0000000084300000, 0x00000000d5580000)
  object space 68608K, 50% used [0x0000000080000000,0x000000008219e718,0x0000000084300000)
 Metaspace       used 38810K, committed 39872K, reserved 1114112K
  class space    used 4081K, committed 4544K, reserved 1048576K
}

