# JRE version: OpenJDK Runtime Environment Temurin-21.0.10+7 (21.0.10+7) (build 21.0.10+7-LTS)
# Java VM: OpenJDK 64-Bit Server VM Temurin-21.0.10+7 (21.0.10+7-LTS, mixed mode, sharing, tiered, compressed oops, compressed class ptrs, g1 gc, windows-amd64)
GC Precious Log:
 CardTable entry size: 512
 Card Set container configuration: InlinePtr #cards 5 size 8 Array Of Cards #cards 12 size 40 Howl #buckets 4 coarsen threshold 1843 Howl Bitmap #cards 512 size 80 coarsen threshold 460 Card regions per heap region 1 cards per card region 2048
 CPUs: 12 total, 12 available
 Memory: 8059M
 Large Page Support: Disabled
 NUMA Support: Disabled
 Compressed Oops: Enabled (32-bit)
 Heap Region Size: 1M
 Heap Min Capacity: 8M
 Heap Initial Capacity: 126M
 Heap Max Capacity: 2G
 Pre-touch: Disabled
 Parallel Workers: 10
 Concurrent Workers: 3
 Concurrent Refinement Workers: 10
 Periodic GC: Disabled
Heap:
 garbage-first heap   total 137216K, used 102928K [0x0000000080000000, 0x0000000100000000)
  region size 1024K, 46 young (47104K), 9 survivors (9216K)
 Metaspace       used 77402K, committed 79680K, reserved 557056K
  class space    used 11272K, committed 12416K, reserved 425984K
GC Heap History (20 events):
Event: 6.402 GC heap before
{Heap before GC invocations=10 (full 0):
 garbage-first heap   total 106496K, used 89944K [0x0000000080000000, 0x0000000100000000)
  region size 1024K, 62 young (63488K), 4 survivors (4096K)
 Metaspace       used 39331K, committed 40960K, reserved 491520K
  class space    used 5768K, committed 6528K, reserved 425984K
}
Event: 6.409 GC heap after
{Heap after GC invocations=11 (full 0):
 garbage-first heap   total 106496K, used 33840K [0x0000000080000000, 0x0000000100000000)
  region size 1024K, 7 young (7168K), 7 survivors (7168K)
 Metaspace       used 39331K, committed 40960K, reserved 491520K
  class space    used 5768K, committed 6528K, reserved 425984K
}
Event: 7.327 GC heap before
{Heap before GC invocations=11 (full 0):
 garbage-first heap   total 106496K, used 90160K [0x0000000080000000, 0x0000000100000000)
  region size 1024K, 62 young (63488K), 7 survivors (7168K)
 Metaspace       used 44808K, committed 46528K, reserved 491520K
  class space    used 6681K, committed 7488K, reserved 425984K
}
Event: 7.335 GC heap after
{Heap after GC invocations=12 (full 0):
 garbage-first heap   total 106496K, used 36836K [0x0000000080000000, 0x0000000100000000)
  region size 1024K, 7 young (7168K), 7 survivors (7168K)
 Metaspace       used 44808K, committed 46528K, reserved 491520K
  class space    used 6681K, committed 7488K, reserved 425984K
}
Event: 8.285 GC heap before
{Heap before GC invocations=12 (full 0):
 garbage-first heap   total 106496K, used 93156K [0x0000000080000000, 0x0000000100000000)
  region size 1024K, 62 young (63488K), 7 survivors (7168K)
 Metaspace       used 51372K, committed 53248K, reserved 491520K
  class space    used 7617K, committed 8512K, reserved 425984K
}
Event: 8.294 GC heap after
{Heap after GC invocations=13 (full 0):
 garbage-first heap   total 106496K, used 41010K [0x0000000080000000, 0x0000000100000000)
  region size 1024K, 8 young (8192K), 8 survivors (8192K)
 Metaspace       used 51372K, committed 53248K, reserved 491520K
  class space    used 7617K, committed 8512K, reserved 425984K
}
Event: 9.227 GC heap before
{Heap before GC invocations=13 (full 0):
 garbage-first heap   total 106496K, used 93234K [0x0000000080000000, 0x0000000100000000)
  region size 1024K, 60 young (61440K), 8 survivors (8192K)
 Metaspace       used 54331K, committed 56256K, reserved 491520K
  class space    used 8059K, committed 9024K, reserved 425984K
}
Event: 9.237 GC heap after
{Heap after GC invocations=14 (full 0):
 garbage-first heap   total 106496K, used 44650K [0x0000000080000000, 0x0000000100000000)
  region size 1024K, 8 young (8192K), 8 survivors (8192K)
 Metaspace       used 54331K, committed 56256K, reserved 491520K
  class space    used 8059K, committed 9024K, reserved 425984K
}
Event: 10.064 GC heap before
{Heap before GC invocations=14 (full 0):
 garbage-first heap   total 106496K, used 99946K [0x0000000080000000, 0x0000000100000000)
  region size 1024K, 56 young (57344K), 8 survivors (8192K)
 Metaspace       used 58535K, committed 60544K, reserved 491520K
  class space    used 8596K, committed 9600K, reserved 425984K
}
Event: 10.074 GC heap after
{Heap after GC invocations=15 (full 0):
 garbage-first heap   total 113664K, used 55411K [0x0000000080000000, 0x0000000100000000)
  region size 1024K, 7 young (7168K), 7 survivors (7168K)
 Metaspace       used 58535K, committed 60544K, reserved 491520K
  class space    used 8596K, committed 9600K, reserved 425984K
}
Event: 10.118 GC heap before
{Heap before GC invocations=15 (full 0):
 garbage-first heap   total 113664K, used 57459K [0x0000000080000000, 0x0000000100000000)
  region size 1024K, 10 young (10240K), 7 survivors (7168K)
 Metaspace       used 58797K, committed 60800K, reserved 491520K
  class space    used 8630K, committed 9600K, reserved 425984K
}
Event: 10.123 GC heap after
{Heap after GC invocations=16 (full 0):
 garbage-first heap   total 113664K, used 56071K [0x0000000080000000, 0x0000000100000000)
  region size 1024K, 1 young (1024K), 1 survivors (1024K)
 Metaspace       used 58797K, committed 60800K, reserved 491520K
  class space    used 8630K, committed 9600K, reserved 425984K
}
Event: 10.622 GC heap before
{Heap before GC invocations=17 (full 0):
 garbage-first heap   total 113664K, used 101127K [0x0000000080000000, 0x0000000100000000)
  region size 1024K, 45 young (46080K), 1 survivors (1024K)
 Metaspace       used 61791K, committed 63872K, reserved 491520K
  class space    used 9077K, committed 10112K, reserved 425984K
}
Event: 10.625 GC heap after
{Heap after GC invocations=18 (full 0):
 garbage-first heap   total 113664K, used 57155K [0x0000000080000000, 0x0000000100000000)
  region size 1024K, 3 young (3072K), 3 survivors (3072K)
 Metaspace       used 61791K, committed 63872K, reserved 491520K
  class space    used 9077K, committed 10112K, reserved 425984K
}
Event: 11.165 GC heap before
{Heap before GC invocations=18 (full 0):
 garbage-first heap   total 113664K, used 101187K [0x0000000080000000, 0x0000000100000000)
  region size 1024K, 46 young (47104K), 3 survivors (3072K)
 Metaspace       used 65076K, committed 67200K, reserved 491520K
  class space    used 9629K, committed 10688K, reserved 425984K
}
Event: 11.170 GC heap after
{Heap after GC invocations=19 (full 0):
 garbage-first heap   total 113664K, used 58215K [0x0000000080000000, 0x0000000100000000)
  region size 1024K, 4 young (4096K), 4 survivors (4096K)
 Metaspace       used 65076K, committed 67200K, reserved 491520K
  class space    used 9629K, committed 10688K, reserved 425984K
}
Event: 11.749 GC heap before
{Heap before GC invocations=19 (full 0):
 garbage-first heap   total 113664K, used 103271K [0x0000000080000000, 0x0000000100000000)
  region size 1024K, 48 young (49152K), 4 survivors (4096K)
 Metaspace       used 67656K, committed 69888K, reserved 491520K
  class space    used 10031K, committed 11136K, reserved 425984K
}
Event: 11.756 GC heap after
{Heap after GC invocations=20 (full 0):
 garbage-first heap   total 137216K, used 61216K [0x0000000080000000, 0x0000000100000000)
  region size 1024K, 5 young (5120K), 5 survivors (5120K)
 Metaspace       used 67656K, committed 69888K, reserved 491520K
  class space    used 10031K, committed 11136K, reserved 425984K
}
Event: 12.878 GC heap before
{Heap before GC invocations=21 (full 0):
 garbage-first heap   total 137216K, used 123680K [0x0000000080000000, 0x0000000100000000)
  region size 1024K, 66 young (67584K), 5 survivors (5120K)
 Metaspace       used 70513K, committed 72768K, reserved 491520K
  class space    used 10365K, committed 11456K, reserved 425984K
}
Event: 12.887 GC heap after
{Heap after GC invocations=22 (full 0):
 garbage-first heap   total 137216K, used 67088K [0x0000000080000000, 0x0000000100000000)
  region size 1024K, 9 young (9216K), 9 survivors (9216K)
 Metaspace       used 70513K, committed 72768K, reserved 491520K
  class space    used 10365K, committed 11456K, reserved 425984K
}

