# JRE version: OpenJDK Runtime Environment Temurin-21.0.10+7 (21.0.10+7) (build 21.0.10+7-LTS)
# Java VM: OpenJDK 64-Bit Server VM Temurin-21.0.10+7 (21.0.10+7-LTS, mixed mode, sharing, tiered, compressed oops, compressed class ptrs, parallel gc, windows-amd64)
GC Precious Log:
 CardTable entry size: 512
 CPUs: 12 total, 12 available
 Memory: 8059M
 Large Page Support: Disabled
 NUMA Support: Disabled
 Compressed Oops: Enabled (32-bit)
 Alignments: Space 512K, Generation 512K, Heap 2M
 Heap Min Capacity: 100M
 Heap Initial Capacity: 100M
 Heap Max Capacity: 2G
 Pre-touch: Disabled
 Parallel Workers: 10
Heap:
 PSYoungGen      total 16384K, used 9647K [0x00000000d5580000, 0x00000000d6680000, 0x0000000100000000)
  eden space 15360K, 59% used [0x00000000d5580000,0x00000000d5e699a8,0x00000000d6480000)
  from space 1024K, 50% used [0x00000000d6480000,0x00000000d65024d8,0x00000000d6580000)
  to   space 1024K, 0% used [0x00000000d6580000,0x00000000d6580000,0x00000000d6680000)
 ParOldGen       total 68608K, used 34383K [0x0000000080000000, 0x0000000084300000, 0x00000000d5580000)
  object space 68608K, 50% used [0x0000000080000000,0x0000000082193d88,0x0000000084300000)
 Metaspace       used 37908K, committed 39040K, reserved 1114112K
  class space    used 3957K, committed 4416K, reserved 1048576K
GC Heap History (20 events):
Event: 6.609 GC heap before
{Heap before GC invocations=18 (full 1):
 PSYoungGen      total 16896K, used 16881K [0x00000000d5580000, 0x00000000d6a80000, 0x0000000100000000)
  eden space 15872K, 100% used [0x00000000d5580000,0x00000000d6500000,0x00000000d6500000)
  from space 1024K, 98% used [0x00000000d6780000,0x00000000d687c628,0x00000000d6880000)
  to   space 2560K, 0% used [0x00000000d6500000,0x00000000d6500000,0x00000000d6780000)
 ParOldGen       total 68608K, used 30778K [0x0000000080000000, 0x0000000084300000, 0x00000000d5580000)
  object space 68608K, 44% used [0x0000000080000000,0x0000000081e0e868,0x0000000084300000)
 Metaspace       used 32168K, committed 33216K, reserved 1114112K
  class space    used 3165K, committed 3584K, reserved 1048576K
}
Event: 6.610 GC heap after
{Heap after GC invocations=18 (full 1):
 PSYoungGen      total 16896K, used 657K [0x00000000d5580000, 0x00000000d6800000, 0x0000000100000000)
  eden space 15872K, 0% used [0x00000000d5580000,0x00000000d5580000,0x00000000d6500000)
  from space 1024K, 64% used [0x00000000d6500000,0x00000000d65a44a0,0x00000000d6600000)
  to   space 1536K, 0% used [0x00000000d6680000,0x00000000d6680000,0x00000000d6800000)
 ParOldGen       total 68608K, used 31663K [0x0000000080000000, 0x0000000084300000, 0x00000000d5580000)
  object space 68608K, 46% used [0x0000000080000000,0x0000000081eebfe8,0x0000000084300000)
 Metaspace       used 32168K, committed 33216K, reserved 1114112K
  class space    used 3165K, committed 3584K, reserved 1048576K
}
Event: 6.638 GC heap before
{Heap before GC invocations=19 (full 1):
 PSYoungGen      total 16896K, used 16529K [0x00000000d5580000, 0x00000000d6800000, 0x0000000100000000)
  eden space 15872K, 100% used [0x00000000d5580000,0x00000000d6500000,0x00000000d6500000)
  from space 1024K, 64% used [0x00000000d6500000,0x00000000d65a44a0,0x00000000d6600000)
  to   space 1536K, 0% used [0x00000000d6680000,0x00000000d6680000,0x00000000d6800000)
 ParOldGen       total 68608K, used 31663K [0x0000000080000000, 0x0000000084300000, 0x00000000d5580000)
  object space 68608K, 46% used [0x0000000080000000,0x0000000081eebfe8,0x0000000084300000)
 Metaspace       used 32585K, committed 33728K, reserved 1114112K
  class space    used 3231K, committed 3712K, reserved 1048576K
}
Event: 6.640 GC heap after
{Heap after GC invocations=19 (full 1):
 PSYoungGen      total 16384K, used 320K [0x00000000d5580000, 0x00000000d6700000, 0x0000000100000000)
  eden space 15872K, 0% used [0x00000000d5580000,0x00000000d5580000,0x00000000d6500000)
  from space 512K, 62% used [0x00000000d6680000,0x00000000d66d0000,0x00000000d6700000)
  to   space 1024K, 0% used [0x00000000d6500000,0x00000000d6500000,0x00000000d6600000)
 ParOldGen       total 68608K, used 32233K [0x0000000080000000, 0x0000000084300000, 0x00000000d5580000)
  object space 68608K, 46% used [0x0000000080000000,0x0000000081f7a488,0x0000000084300000)
 Metaspace       used 32585K, committed 33728K, reserved 1114112K
  class space    used 3231K, committed 3712K, reserved 1048576K
}
Event: 6.664 GC heap before
{Heap before GC invocations=20 (full 1):
 PSYoungGen      total 16384K, used 16192K [0x00000000d5580000, 0x00000000d6700000, 0x0000000100000000)
  eden space 15872K, 100% used [0x00000000d5580000,0x00000000d6500000,0x00000000d6500000)
  from space 512K, 62% used [0x00000000d6680000,0x00000000d66d0000,0x00000000d6700000)
  to   space 1024K, 0% used [0x00000000d6500000,0x00000000d6500000,0x00000000d6600000)
 ParOldGen       total 68608K, used 32233K [0x0000000080000000, 0x0000000084300000, 0x00000000d5580000)
  object space 68608K, 46% used [0x0000000080000000,0x0000000081f7a488,0x0000000084300000)
 Metaspace       used 32888K, committed 34048K, reserved 1114112K
  class space    used 3277K, committed 3776K, reserved 1048576K
}
Event: 6.665 GC heap after
{Heap after GC invocations=20 (full 1):
 PSYoungGen      total 16896K, used 288K [0x00000000d5580000, 0x00000000d6700000, 0x0000000100000000)
  eden space 15872K, 0% used [0x00000000d5580000,0x00000000d5580000,0x00000000d6500000)
  from space 1024K, 28% used [0x00000000d6500000,0x00000000d6548000,0x00000000d6600000)
  to   space 512K, 0% used [0x00000000d6680000,0x00000000d6680000,0x00000000d6700000)
 ParOldGen       total 68608K, used 32329K [0x0000000080000000, 0x0000000084300000, 0x00000000d5580000)
  object space 68608K, 47% used [0x0000000080000000,0x0000000081f92488,0x0000000084300000)
 Metaspace       used 32888K, committed 34048K, reserved 1114112K
  class space    used 3277K, committed 3776K, reserved 1048576K
}
Event: 6.763 GC heap before
{Heap before GC invocations=21 (full 1):
 PSYoungGen      total 16896K, used 16156K [0x00000000d5580000, 0x00000000d6700000, 0x0000000100000000)
  eden space 15872K, 99% used [0x00000000d5580000,0x00000000d64ff010,0x00000000d6500000)
  from space 1024K, 28% used [0x00000000d6500000,0x00000000d6548000,0x00000000d6600000)
  to   space 512K, 0% used [0x00000000d6680000,0x00000000d6680000,0x00000000d6700000)
 ParOldGen       total 68608K, used 32329K [0x0000000080000000, 0x0000000084300000, 0x00000000d5580000)
  object space 68608K, 47% used [0x0000000080000000,0x0000000081f92488,0x0000000084300000)
 Metaspace       used 34189K, committed 35328K, reserved 1114112K
  class space    used 3444K, committed 3904K, reserved 1048576K
}
Event: 6.766 GC heap after
{Heap after GC invocations=21 (full 1):
 PSYoungGen      total 15872K, used 499K [0x00000000d5580000, 0x00000000d6900000, 0x0000000100000000)
  eden space 15360K, 0% used [0x00000000d5580000,0x00000000d5580000,0x00000000d6480000)
  from space 512K, 97% used [0x00000000d6680000,0x00000000d66fceb0,0x00000000d6700000)
  to   space 2048K, 0% used [0x00000000d6480000,0x00000000d6480000,0x00000000d6680000)
 ParOldGen       total 68608K, used 33273K [0x0000000080000000, 0x0000000084300000, 0x00000000d5580000)
  object space 68608K, 48% used [0x0000000080000000,0x000000008207e488,0x0000000084300000)
 Metaspace       used 34189K, committed 35328K, reserved 1114112K
  class space    used 3444K, committed 3904K, reserved 1048576K
}
Event: 6.824 GC heap before
{Heap before GC invocations=22 (full 1):
 PSYoungGen      total 15872K, used 6465K [0x00000000d5580000, 0x00000000d6900000, 0x0000000100000000)
  eden space 15360K, 38% used [0x00000000d5580000,0x00000000d5b53768,0x00000000d6480000)
  from space 512K, 97% used [0x00000000d6680000,0x00000000d66fceb0,0x00000000d6700000)
  to   space 2048K, 0% used [0x00000000d6480000,0x00000000d6480000,0x00000000d6680000)
 ParOldGen       total 68608K, used 33273K [0x0000000080000000, 0x0000000084300000, 0x00000000d5580000)
  object space 68608K, 48% used [0x0000000080000000,0x000000008207e488,0x0000000084300000)
 Metaspace       used 34744K, committed 35840K, reserved 1114112K
  class space    used 3517K, committed 3968K, reserved 1048576K
}
Event: 6.825 GC heap after
{Heap after GC invocations=22 (full 1):
 PSYoungGen      total 15872K, used 384K [0x00000000d5580000, 0x00000000d6700000, 0x0000000100000000)
  eden space 15360K, 0% used [0x00000000d5580000,0x00000000d5580000,0x00000000d6480000)
  from space 512K, 75% used [0x00000000d6480000,0x00000000d64e0000,0x00000000d6500000)
  to   space 1024K, 0% used [0x00000000d6600000,0x00000000d6600000,0x00000000d6700000)
 ParOldGen       total 68608K, used 33721K [0x0000000080000000, 0x0000000084300000, 0x00000000d5580000)
  object space 68608K, 49% used [0x0000000080000000,0x00000000820ee488,0x0000000084300000)
 Metaspace       used 34744K, committed 35840K, reserved 1114112K
  class space    used 3517K, committed 3968K, reserved 1048576K
}
Event: 6.825 GC heap before
{Heap before GC invocations=23 (full 2):
 PSYoungGen      total 15872K, used 384K [0x00000000d5580000, 0x00000000d6700000, 0x0000000100000000)
  eden space 15360K, 0% used [0x00000000d5580000,0x00000000d5580000,0x00000000d6480000)
  from space 512K, 75% used [0x00000000d6480000,0x00000000d64e0000,0x00000000d6500000)
  to   space 1024K, 0% used [0x00000000d6600000,0x00000000d6600000,0x00000000d6700000)
 ParOldGen       total 68608K, used 33721K [0x0000000080000000, 0x0000000084300000, 0x00000000d5580000)
  object space 68608K, 49% used [0x0000000080000000,0x00000000820ee488,0x0000000084300000)
 Metaspace       used 34744K, committed 35840K, reserved 1114112K
  class space    used 3517K, committed 3968K, reserved 1048576K
}
Event: 6.867 GC heap after
{Heap after GC invocations=23 (full 2):
 PSYoungGen      total 15872K, used 0K [0x00000000d5580000, 0x00000000d6700000, 0x0000000100000000)
  eden space 15360K, 0% used [0x00000000d5580000,0x00000000d5580000,0x00000000d6480000)
  from space 512K, 0% used [0x00000000d6480000,0x00000000d6480000,0x00000000d6500000)
  to   space 1024K, 0% used [0x00000000d6600000,0x00000000d6600000,0x00000000d6700000)
 ParOldGen       total 68608K, used 30848K [0x0000000080000000, 0x0000000084300000, 0x00000000d5580000)
  object space 68608K, 44% used [0x0000000080000000,0x0000000081e20058,0x0000000084300000)
 Metaspace       used 34744K, committed 35840K, reserved 1114112K
  class space    used 3517K, committed 3968K, reserved 1048576K
}
Event: 6.976 GC heap before
{Heap before GC invocations=24 (full 2):
 PSYoungGen      total 15872K, used 15360K [0x00000000d5580000, 0x00000000d6700000, 0x0000000100000000)
  eden space 15360K, 100% used [0x00000000d5580000,0x00000000d6480000,0x00000000d6480000)
  from space 512K, 0% used [0x00000000d6480000,0x00000000d6480000,0x00000000d6500000)
  to   space 1024K, 0% used [0x00000000d6600000,0x00000000d6600000,0x00000000d6700000)
 ParOldGen       total 68608K, used 30848K [0x0000000080000000, 0x0000000084300000, 0x00000000d5580000)
  object space 68608K, 44% used [0x0000000080000000,0x0000000081e20058,0x0000000084300000)
 Metaspace       used 35678K, committed 36800K, reserved 1114112K
  class space    used 3656K, committed 4096K, reserved 1048576K
}
Event: 6.978 GC heap after
{Heap after GC invocations=24 (full 2):
 PSYoungGen      total 16384K, used 1008K [0x00000000d5580000, 0x00000000d6780000, 0x0000000100000000)
  eden space 15360K, 0% used [0x00000000d5580000,0x00000000d5580000,0x00000000d6480000)
  from space 1024K, 98% used [0x00000000d6600000,0x00000000d66fc3b8,0x00000000d6700000)
  to   space 1536K, 0% used [0x00000000d6480000,0x00000000d6480000,0x00000000d6600000)
 ParOldGen       total 68608K, used 30912K [0x0000000080000000, 0x0000000084300000, 0x00000000d5580000)
  object space 68608K, 45% used [0x0000000080000000,0x0000000081e30058,0x0000000084300000)
 Metaspace       used 35678K, committed 36800K, reserved 1114112K
  class space    used 3656K, committed 4096K, reserved 1048576K
}
Event: 7.091 GC heap before
{Heap before GC invocations=25 (full 2):
 PSYoungGen      total 16384K, used 16368K [0x00000000d5580000, 0x00000000d6780000, 0x0000000100000000)
  eden space 15360K, 100% used [0x00000000d5580000,0x00000000d6480000,0x00000000d6480000)
  from space 1024K, 98% used [0x00000000d6600000,0x00000000d66fc3b8,0x00000000d6700000)
  to   space 1536K, 0% used [0x00000000d6480000,0x00000000d6480000,0x00000000d6600000)
 ParOldGen       total 68608K, used 30912K [0x0000000080000000, 0x0000000084300000, 0x00000000d5580000)
  object space 68608K, 45% used [0x0000000080000000,0x0000000081e30058,0x0000000084300000)
 Metaspace       used 36542K, committed 37696K, reserved 1114112K
  class space    used 3781K, committed 4224K, reserved 1048576K
}
Event: 7.094 GC heap after
{Heap after GC invocations=25 (full 2):
 PSYoungGen      total 16384K, used 960K [0x00000000d5580000, 0x00000000d6680000, 0x0000000100000000)
  eden space 15360K, 0% used [0x00000000d5580000,0x00000000d5580000,0x00000000d6480000)
  from space 1024K, 93% used [0x00000000d6480000,0x00000000d6570000,0x00000000d6580000)
  to   space 1024K, 0% used [0x00000000d6580000,0x00000000d6580000,0x00000000d6680000)
 ParOldGen       total 68608K, used 31704K [0x0000000080000000, 0x0000000084300000, 0x00000000d5580000)
  object space 68608K, 46% used [0x0000000080000000,0x0000000081ef6058,0x0000000084300000)
 Metaspace       used 36542K, committed 37696K, reserved 1114112K
  class space    used 3781K, committed 4224K, reserved 1048576K
}
Event: 7.164 GC heap before
{Heap before GC invocations=26 (full 2):
 PSYoungGen      total 16384K, used 15541K [0x00000000d5580000, 0x00000000d6680000, 0x0000000100000000)
  eden space 15360K, 94% used [0x00000000d5580000,0x00000000d63bd450,0x00000000d6480000)
  from space 1024K, 93% used [0x00000000d6480000,0x00000000d6570000,0x00000000d6580000)
  to   space 1024K, 0% used [0x00000000d6580000,0x00000000d6580000,0x00000000d6680000)
 ParOldGen       total 68608K, used 31704K [0x0000000080000000, 0x0000000084300000, 0x00000000d5580000)
  object space 68608K, 46% used [0x0000000080000000,0x0000000081ef6058,0x0000000084300000)
 Metaspace       used 37086K, committed 38208K, reserved 1114112K
  class space    used 3850K, committed 4288K, reserved 1048576K
}
Event: 7.166 GC heap after
{Heap after GC invocations=26 (full 2):
 PSYoungGen      total 16384K, used 745K [0x00000000d5580000, 0x00000000d6680000, 0x0000000100000000)
  eden space 15360K, 0% used [0x00000000d5580000,0x00000000d5580000,0x00000000d6480000)
  from space 1024K, 72% used [0x00000000d6580000,0x00000000d663a4b8,0x00000000d6680000)
  to   space 1024K, 0% used [0x00000000d6480000,0x00000000d6480000,0x00000000d6580000)
 ParOldGen       total 68608K, used 33186K [0x0000000080000000, 0x0000000084300000, 0x00000000d5580000)
  object space 68608K, 48% used [0x0000000080000000,0x0000000082068878,0x0000000084300000)
 Metaspace       used 37086K, committed 38208K, reserved 1114112K
  class space    used 3850K, committed 4288K, reserved 1048576K
}
Event: 7.210 GC heap before
{Heap before GC invocations=27 (full 2):
 PSYoungGen      total 16384K, used 15544K [0x00000000d5580000, 0x00000000d6680000, 0x0000000100000000)
  eden space 15360K, 96% used [0x00000000d5580000,0x00000000d63f3ca0,0x00000000d6480000)
  from space 1024K, 72% used [0x00000000d6580000,0x00000000d663a4b8,0x00000000d6680000)
  to   space 1024K, 0% used [0x00000000d6480000,0x00000000d6480000,0x00000000d6580000)
 ParOldGen       total 68608K, used 33186K [0x0000000080000000, 0x0000000084300000, 0x00000000d5580000)
  object space 68608K, 48% used [0x0000000080000000,0x0000000082068878,0x0000000084300000)
 Metaspace       used 37400K, committed 38592K, reserved 1114112K
  class space    used 3888K, committed 4352K, reserved 1048576K
}
Event: 7.212 GC heap after
{Heap after GC invocations=27 (full 2):
 PSYoungGen      total 16384K, used 521K [0x00000000d5580000, 0x00000000d6680000, 0x0000000100000000)
  eden space 15360K, 0% used [0x00000000d5580000,0x00000000d5580000,0x00000000d6480000)
  from space 1024K, 50% used [0x00000000d6480000,0x00000000d65024d8,0x00000000d6580000)
  to   space 1024K, 0% used [0x00000000d6580000,0x00000000d6580000,0x00000000d6680000)
 ParOldGen       total 68608K, used 34383K [0x0000000080000000, 0x0000000084300000, 0x00000000d5580000)
  object space 68608K, 50% used [0x0000000080000000,0x0000000082193d88,0x0000000084300000)
 Metaspace       used 37400K, committed 38592K, reserved 1114112K
  class space    used 3888K, committed 4352K, reserved 1048576K
}

