# JRE version: OpenJDK Runtime Environment Temurin-21.0.10+7 (21.0.10+7) (build 21.0.10+7-LTS)
# Java VM: OpenJDK 64-Bit Server VM Temurin-21.0.10+7 (21.0.10+7-LTS, mixed mode, sharing, tiered, compressed oops, compressed class ptrs, parallel gc, windows-amd64)
GC Precious Log:
 CardTable entry size: 512
 CPUs: 12 total, 12 available
 Memory: 8059M
 Large Page Support: Disabled
 NUMA Support: Disabled
 Compressed Oops: Enabled (32-bit)
 Alignments: Space 512K, Generation 512K, Heap 2M
 Heap Min Capacity: 100M
 Heap Initial Capacity: 100M
 Heap Max Capacity: 2G
 Pre-touch: Disabled
 Parallel Workers: 10
Heap:
 PSYoungGen      total 15872K, used 7812K [0x00000000d5580000, 0x00000000d6800000, 0x0000000100000000)
  eden space 15360K, 48% used [0x00000000d5580000,0x00000000d5cd13f0,0x00000000d6480000)
  from space 512K, 62% used [0x00000000d6780000,0x00000000d67d0000,0x00000000d6800000)
  to   space 512K, 0% used [0x00000000d6700000,0x00000000d6700000,0x00000000d6780000)
 ParOldGen       total 139264K, used 138946K [0x0000000080000000, 0x0000000088800000, 0x00000000d5580000)
  object space 139264K, 99% used [0x0000000080000000,0x00000000887b0b08,0x0000000088800000)
 Metaspace       used 64207K, committed 65600K, reserved 1114112K
  class space    used 7517K, committed 8064K, reserved 1048576K
GC Heap History (20 events):
Event: 39.913 GC heap before
{Heap before GC invocations=118 (full 3):
 PSYoungGen      total 15872K, used 15840K [0x00000000d5580000, 0x00000000d6680000, 0x0000000100000000)
  eden space 15360K, 100% used [0x00000000d5580000,0x00000000d6480000,0x00000000d6480000)
  from space 512K, 93% used [0x00000000d6600000,0x00000000d6678000,0x00000000d6680000)
  to   space 512K, 0% used [0x00000000d6580000,0x00000000d6580000,0x00000000d6600000)
 ParOldGen       total 133632K, used 133507K [0x0000000080000000, 0x0000000088280000, 0x00000000d5580000)
  object space 133632K, 99% used [0x0000000080000000,0x0000000088260d08,0x0000000088280000)
 Metaspace       used 63946K, committed 65408K, reserved 1114112K
  class space    used 7495K, committed 8064K, reserved 1048576K
}
Event: 39.914 GC heap after
{Heap after GC invocations=118 (full 3):
 PSYoungGen      total 15872K, used 480K [0x00000000d5580000, 0x00000000d6680000, 0x0000000100000000)
  eden space 15360K, 0% used [0x00000000d5580000,0x00000000d5580000,0x00000000d6480000)
  from space 512K, 93% used [0x00000000d6580000,0x00000000d65f8000,0x00000000d6600000)
  to   space 512K, 0% used [0x00000000d6600000,0x00000000d6600000,0x00000000d6680000)
 ParOldGen       total 134144K, used 133842K [0x0000000080000000, 0x0000000088300000, 0x00000000d5580000)
  object space 134144K, 99% used [0x0000000080000000,0x00000000882b4a08,0x0000000088300000)
 Metaspace       used 63946K, committed 65408K, reserved 1114112K
  class space    used 7495K, committed 8064K, reserved 1048576K
}
Event: 39.936 GC heap before
{Heap before GC invocations=119 (full 3):
 PSYoungGen      total 15872K, used 15840K [0x00000000d5580000, 0x00000000d6680000, 0x0000000100000000)
  eden space 15360K, 100% used [0x00000000d5580000,0x00000000d6480000,0x00000000d6480000)
  from space 512K, 93% used [0x00000000d6580000,0x00000000d65f8000,0x00000000d6600000)
  to   space 512K, 0% used [0x00000000d6600000,0x00000000d6600000,0x00000000d6680000)
 ParOldGen       total 134144K, used 133842K [0x0000000080000000, 0x0000000088300000, 0x00000000d5580000)
  object space 134144K, 99% used [0x0000000080000000,0x00000000882b4a08,0x0000000088300000)
 Metaspace       used 63946K, committed 65408K, reserved 1114112K
  class space    used 7495K, committed 8064K, reserved 1048576K
}
Event: 39.938 GC heap after
{Heap after GC invocations=119 (full 3):
 PSYoungGen      total 15872K, used 512K [0x00000000d5580000, 0x00000000d6680000, 0x0000000100000000)
  eden space 15360K, 0% used [0x00000000d5580000,0x00000000d5580000,0x00000000d6480000)
  from space 512K, 100% used [0x00000000d6600000,0x00000000d6680000,0x00000000d6680000)
  to   space 1024K, 0% used [0x00000000d6480000,0x00000000d6480000,0x00000000d6580000)
 ParOldGen       total 134656K, used 134170K [0x0000000080000000, 0x0000000088380000, 0x00000000d5580000)
  object space 134656K, 99% used [0x0000000080000000,0x0000000088306a18,0x0000000088380000)
 Metaspace       used 63946K, committed 65408K, reserved 1114112K
  class space    used 7495K, committed 8064K, reserved 1048576K
}
Event: 39.954 GC heap before
{Heap before GC invocations=120 (full 3):
 PSYoungGen      total 15872K, used 15872K [0x00000000d5580000, 0x00000000d6680000, 0x0000000100000000)
  eden space 15360K, 100% used [0x00000000d5580000,0x00000000d6480000,0x00000000d6480000)
  from space 512K, 100% used [0x00000000d6600000,0x00000000d6680000,0x00000000d6680000)
  to   space 1024K, 0% used [0x00000000d6480000,0x00000000d6480000,0x00000000d6580000)
 ParOldGen       total 134656K, used 134170K [0x0000000080000000, 0x0000000088380000, 0x00000000d5580000)
  object space 134656K, 99% used [0x0000000080000000,0x0000000088306a18,0x0000000088380000)
 Metaspace       used 63946K, committed 65408K, reserved 1114112K
  class space    used 7495K, committed 8064K, reserved 1048576K
}
Event: 39.955 GC heap after
{Heap after GC invocations=120 (full 3):
 PSYoungGen      total 16384K, used 512K [0x00000000d5580000, 0x00000000d6680000, 0x0000000100000000)
  eden space 15360K, 0% used [0x00000000d5580000,0x00000000d5580000,0x00000000d6480000)
  from space 1024K, 50% used [0x00000000d6480000,0x00000000d6500000,0x00000000d6580000)
  to   space 1024K, 0% used [0x00000000d6580000,0x00000000d6580000,0x00000000d6680000)
 ParOldGen       total 134656K, used 134594K [0x0000000080000000, 0x0000000088380000, 0x00000000d5580000)
  object space 134656K, 99% used [0x0000000080000000,0x0000000088370a18,0x0000000088380000)
 Metaspace       used 63946K, committed 65408K, reserved 1114112K
  class space    used 7495K, committed 8064K, reserved 1048576K
}
Event: 39.971 GC heap before
{Heap before GC invocations=121 (full 3):
 PSYoungGen      total 16384K, used 15872K [0x00000000d5580000, 0x00000000d6680000, 0x0000000100000000)
  eden space 15360K, 100% used [0x00000000d5580000,0x00000000d6480000,0x00000000d6480000)
  from space 1024K, 50% used [0x00000000d6480000,0x00000000d6500000,0x00000000d6580000)
  to   space 1024K, 0% used [0x00000000d6580000,0x00000000d6580000,0x00000000d6680000)
 ParOldGen       total 134656K, used 134594K [0x0000000080000000, 0x0000000088380000, 0x00000000d5580000)
  object space 134656K, 99% used [0x0000000080000000,0x0000000088370a18,0x0000000088380000)
 Metaspace       used 63946K, committed 65408K, reserved 1114112K
  class space    used 7495K, committed 8064K, reserved 1048576K
}
Event: 39.972 GC heap after
{Heap after GC invocations=121 (full 3):
 PSYoungGen      total 16384K, used 576K [0x00000000d5580000, 0x00000000d6680000, 0x0000000100000000)
  eden space 15360K, 0% used [0x00000000d5580000,0x00000000d5580000,0x00000000d6480000)
  from space 1024K, 56% used [0x00000000d6580000,0x00000000d6610000,0x00000000d6680000)
  to   space 1024K, 0% used [0x00000000d6480000,0x00000000d6480000,0x00000000d6580000)
 ParOldGen       total 135168K, used 134935K [0x0000000080000000, 0x0000000088400000, 0x00000000d5580000)
  object space 135168K, 99% used [0x0000000080000000,0x00000000883c5d70,0x0000000088400000)
 Metaspace       used 63946K, committed 65408K, reserved 1114112K
  class space    used 7495K, committed 8064K, reserved 1048576K
}
Event: 39.986 GC heap before
{Heap before GC invocations=122 (full 3):
 PSYoungGen      total 16384K, used 15936K [0x00000000d5580000, 0x00000000d6680000, 0x0000000100000000)
  eden space 15360K, 100% used [0x00000000d5580000,0x00000000d6480000,0x00000000d6480000)
  from space 1024K, 56% used [0x00000000d6580000,0x00000000d6610000,0x00000000d6680000)
  to   space 1024K, 0% used [0x00000000d6480000,0x00000000d6480000,0x00000000d6580000)
 ParOldGen       total 135168K, used 134935K [0x0000000080000000, 0x0000000088400000, 0x00000000d5580000)
  object space 135168K, 99% used [0x0000000080000000,0x00000000883c5d70,0x0000000088400000)
 Metaspace       used 63946K, committed 65408K, reserved 1114112K
  class space    used 7495K, committed 8064K, reserved 1048576K
}
Event: 39.987 GC heap after
{Heap after GC invocations=122 (full 3):
 PSYoungGen      total 16384K, used 416K [0x00000000d5580000, 0x00000000d6600000, 0x0000000100000000)
  eden space 15360K, 0% used [0x00000000d5580000,0x00000000d5580000,0x00000000d6480000)
  from space 1024K, 40% used [0x00000000d6480000,0x00000000d64e8000,0x00000000d6580000)
  to   space 512K, 0% used [0x00000000d6580000,0x00000000d6580000,0x00000000d6600000)
 ParOldGen       total 135680K, used 135359K [0x0000000080000000, 0x0000000088480000, 0x00000000d5580000)
  object space 135680K, 99% used [0x0000000080000000,0x000000008842fd70,0x0000000088480000)
 Metaspace       used 63946K, committed 65408K, reserved 1114112K
  class space    used 7495K, committed 8064K, reserved 1048576K
}
Event: 40.000 GC heap before
{Heap before GC invocations=123 (full 3):
 PSYoungGen      total 16384K, used 15776K [0x00000000d5580000, 0x00000000d6600000, 0x0000000100000000)
  eden space 15360K, 100% used [0x00000000d5580000,0x00000000d6480000,0x00000000d6480000)
  from space 1024K, 40% used [0x00000000d6480000,0x00000000d64e8000,0x00000000d6580000)
  to   space 512K, 0% used [0x00000000d6580000,0x00000000d6580000,0x00000000d6600000)
 ParOldGen       total 135680K, used 135359K [0x0000000080000000, 0x0000000088480000, 0x00000000d5580000)
  object space 135680K, 99% used [0x0000000080000000,0x000000008842fd70,0x0000000088480000)
 Metaspace       used 63946K, committed 65408K, reserved 1114112K
  class space    used 7495K, committed 8064K, reserved 1048576K
}
Event: 40.001 GC heap after
{Heap after GC invocations=123 (full 3):
 PSYoungGen      total 15872K, used 512K [0x00000000d5580000, 0x00000000d6680000, 0x0000000100000000)
  eden space 15360K, 0% used [0x00000000d5580000,0x00000000d5580000,0x00000000d6480000)
  from space 512K, 100% used [0x00000000d6580000,0x00000000d6600000,0x00000000d6600000)
  to   space 1024K, 0% used [0x00000000d6480000,0x00000000d6480000,0x00000000d6580000)
 ParOldGen       total 136192K, used 135687K [0x0000000080000000, 0x0000000088500000, 0x00000000d5580000)
  object space 136192K, 99% used [0x0000000080000000,0x0000000088481d70,0x0000000088500000)
 Metaspace       used 63946K, committed 65408K, reserved 1114112K
  class space    used 7495K, committed 8064K, reserved 1048576K
}
Event: 40.058 GC heap before
{Heap before GC invocations=124 (full 3):
 PSYoungGen      total 15872K, used 15872K [0x00000000d5580000, 0x00000000d6680000, 0x0000000100000000)
  eden space 15360K, 100% used [0x00000000d5580000,0x00000000d6480000,0x00000000d6480000)
  from space 512K, 100% used [0x00000000d6580000,0x00000000d6600000,0x00000000d6600000)
  to   space 1024K, 0% used [0x00000000d6480000,0x00000000d6480000,0x00000000d6580000)
 ParOldGen       total 136192K, used 135687K [0x0000000080000000, 0x0000000088500000, 0x00000000d5580000)
  object space 136192K, 99% used [0x0000000080000000,0x0000000088481d70,0x0000000088500000)
 Metaspace       used 63946K, committed 65408K, reserved 1114112K
  class space    used 7495K, committed 8064K, reserved 1048576K
}
Event: 40.062 GC heap after
{Heap after GC invocations=124 (full 3):
 PSYoungGen      total 16384K, used 1018K [0x00000000d5580000, 0x00000000d6b80000, 0x0000000100000000)
  eden space 15360K, 0% used [0x00000000d5580000,0x00000000d5580000,0x00000000d6480000)
  from space 1024K, 99% used [0x00000000d6480000,0x00000000d657e900,0x00000000d6580000)
  to   space 3584K, 0% used [0x00000000d6800000,0x00000000d6800000,0x00000000d6b80000)
 ParOldGen       total 137728K, used 137387K [0x0000000080000000, 0x0000000088680000, 0x00000000d5580000)
  object space 137728K, 99% used [0x0000000080000000,0x000000008862ade0,0x0000000088680000)
 Metaspace       used 63946K, committed 65408K, reserved 1114112K
  class space    used 7495K, committed 8064K, reserved 1048576K
}
Event: 40.077 GC heap before
{Heap before GC invocations=125 (full 3):
 PSYoungGen      total 16384K, used 16378K [0x00000000d5580000, 0x00000000d6b80000, 0x0000000100000000)
  eden space 15360K, 100% used [0x00000000d5580000,0x00000000d6480000,0x00000000d6480000)
  from space 1024K, 99% used [0x00000000d6480000,0x00000000d657e900,0x00000000d6580000)
  to   space 3584K, 0% used [0x00000000d6800000,0x00000000d6800000,0x00000000d6b80000)
 ParOldGen       total 137728K, used 137387K [0x0000000080000000, 0x0000000088680000, 0x00000000d5580000)
  object space 137728K, 99% used [0x0000000080000000,0x000000008862ade0,0x0000000088680000)
 Metaspace       used 63946K, committed 65408K, reserved 1114112K
  class space    used 7495K, committed 8064K, reserved 1048576K
}
Event: 40.079 GC heap after
{Heap after GC invocations=125 (full 3):
 PSYoungGen      total 15872K, used 320K [0x00000000d5580000, 0x00000000d6880000, 0x0000000100000000)
  eden space 15360K, 0% used [0x00000000d5580000,0x00000000d5580000,0x00000000d6480000)
  from space 512K, 62% used [0x00000000d6800000,0x00000000d6850000,0x00000000d6880000)
  to   space 1536K, 0% used [0x00000000d6580000,0x00000000d6580000,0x00000000d6700000)
 ParOldGen       total 138752K, used 138437K [0x0000000080000000, 0x0000000088780000, 0x00000000d5580000)
  object space 138752K, 99% used [0x0000000080000000,0x00000000887316e0,0x0000000088780000)
 Metaspace       used 63946K, committed 65408K, reserved 1114112K
  class space    used 7495K, committed 8064K, reserved 1048576K
}
Event: 40.107 GC heap before
{Heap before GC invocations=126 (full 3):
 PSYoungGen      total 15872K, used 15680K [0x00000000d5580000, 0x00000000d6880000, 0x0000000100000000)
  eden space 15360K, 100% used [0x00000000d5580000,0x00000000d6480000,0x00000000d6480000)
  from space 512K, 62% used [0x00000000d6800000,0x00000000d6850000,0x00000000d6880000)
  to   space 1536K, 0% used [0x00000000d6580000,0x00000000d6580000,0x00000000d6700000)
 ParOldGen       total 138752K, used 138437K [0x0000000080000000, 0x0000000088780000, 0x00000000d5580000)
  object space 138752K, 99% used [0x0000000080000000,0x00000000887316e0,0x0000000088780000)
 Metaspace       used 63949K, committed 65408K, reserved 1114112K
  class space    used 7495K, committed 8064K, reserved 1048576K
}
Event: 40.108 GC heap after
{Heap after GC invocations=126 (full 3):
 PSYoungGen      total 16896K, used 480K [0x00000000d5580000, 0x00000000d6880000, 0x0000000100000000)
  eden space 15360K, 0% used [0x00000000d5580000,0x00000000d5580000,0x00000000d6480000)
  from space 1536K, 31% used [0x00000000d6580000,0x00000000d65f8000,0x00000000d6700000)
  to   space 1024K, 0% used [0x00000000d6780000,0x00000000d6780000,0x00000000d6880000)
 ParOldGen       total 138752K, used 138692K [0x0000000080000000, 0x0000000088780000, 0x00000000d5580000)
  object space 138752K, 99% used [0x0000000080000000,0x00000000887713e0,0x0000000088780000)
 Metaspace       used 63949K, committed 65408K, reserved 1114112K
  class space    used 7495K, committed 8064K, reserved 1048576K
}
Event: 67.488 GC heap before
{Heap before GC invocations=127 (full 3):
 PSYoungGen      total 16896K, used 15839K [0x00000000d5580000, 0x00000000d6880000, 0x0000000100000000)
  eden space 15360K, 99% used [0x00000000d5580000,0x00000000d647fc08,0x00000000d6480000)
  from space 1536K, 31% used [0x00000000d6580000,0x00000000d65f8000,0x00000000d6700000)
  to   space 1024K, 0% used [0x00000000d6780000,0x00000000d6780000,0x00000000d6880000)
 ParOldGen       total 138752K, used 138692K [0x0000000080000000, 0x0000000088780000, 0x00000000d5580000)
  object space 138752K, 99% used [0x0000000080000000,0x00000000887713e0,0x0000000088780000)
 Metaspace       used 64036K, committed 65472K, reserved 1114112K
  class space    used 7509K, committed 8064K, reserved 1048576K
}
Event: 67.490 GC heap after
{Heap after GC invocations=127 (full 3):
 PSYoungGen      total 15872K, used 320K [0x00000000d5580000, 0x00000000d6800000, 0x0000000100000000)
  eden space 15360K, 0% used [0x00000000d5580000,0x00000000d5580000,0x00000000d6480000)
  from space 512K, 62% used [0x00000000d6780000,0x00000000d67d0000,0x00000000d6800000)
  to   space 512K, 0% used [0x00000000d6700000,0x00000000d6700000,0x00000000d6780000)
 ParOldGen       total 139264K, used 138946K [0x0000000080000000, 0x0000000088800000, 0x00000000d5580000)
  object space 139264K, 99% used [0x0000000080000000,0x00000000887b0b08,0x0000000088800000)
 Metaspace       used 64036K, committed 65472K, reserved 1114112K
  class space    used 7509K, committed 8064K, reserved 1048576K
}

