# JRE version: OpenJDK Runtime Environment Temurin-21.0.10+7 (21.0.10+7) (build 21.0.10+7-LTS)
# Java VM: OpenJDK 64-Bit Server VM Temurin-21.0.10+7 (21.0.10+7-LTS, mixed mode, sharing, tiered, compressed oops, compressed class ptrs, parallel gc, windows-amd64)
GC Precious Log:
 CardTable entry size: 512
 CPUs: 12 total, 12 available
 Memory: 8059M
 Large Page Support: Disabled
 NUMA Support: Disabled
 Compressed Oops: Enabled (32-bit)
 Alignments: Space 512K, Generation 512K, Heap 2M
 Heap Min Capacity: 100M
 Heap Initial Capacity: 100M
 Heap Max Capacity: 2G
 Pre-touch: Disabled
 Parallel Workers: 10
Heap:
 PSYoungGen      total 12288K, used 11140K [0x00000000d5580000, 0x00000000d6580000, 0x0000000100000000)
  eden space 9728K, 92% used [0x00000000d5580000,0x00000000d5e41230,0x00000000d5f00000)
  from space 2560K, 85% used [0x00000000d5f00000,0x00000000d6120000,0x00000000d6180000)
  to   space 3072K, 0% used [0x00000000d6280000,0x00000000d6280000,0x00000000d6580000)
 ParOldGen       total 87040K, used 80699K [0x0000000080000000, 0x0000000085500000, 0x00000000d5580000)
  object space 87040K, 92% used [0x0000000080000000,0x0000000084ececf8,0x0000000085500000)
 Metaspace       used 63745K, committed 65216K, reserved 1114112K
  class space    used 7548K, committed 8192K, reserved 1048576K
GC Heap History (20 events):
Event: 12.723 GC heap after
{Heap after GC invocations=64 (full 2):
 PSYoungGen      total 9216K, used 649K [0x00000000d5580000, 0x00000000d6380000, 0x0000000100000000)
  eden space 8192K, 0% used [0x00000000d5580000,0x00000000d5580000,0x00000000d5d80000)
  from space 1024K, 63% used [0x00000000d6280000,0x00000000d6322460,0x00000000d6380000)
  to   space 1024K, 0% used [0x00000000d6180000,0x00000000d6180000,0x00000000d6280000)
 ParOldGen       total 86528K, used 86072K [0x0000000080000000, 0x0000000085480000, 0x00000000d5580000)
  object space 86528K, 99% used [0x0000000080000000,0x000000008540e058,0x0000000085480000)
 Metaspace       used 58403K, committed 59712K, reserved 1114112K
  class space    used 6834K, committed 7424K, reserved 1048576K
}
Event: 12.732 GC heap before
{Heap before GC invocations=65 (full 2):
 PSYoungGen      total 9216K, used 1819K [0x00000000d5580000, 0x00000000d6380000, 0x0000000100000000)
  eden space 8192K, 14% used [0x00000000d5580000,0x00000000d56a4b10,0x00000000d5d80000)
  from space 1024K, 63% used [0x00000000d6280000,0x00000000d6322460,0x00000000d6380000)
  to   space 1024K, 0% used [0x00000000d6180000,0x00000000d6180000,0x00000000d6280000)
 ParOldGen       total 86528K, used 86072K [0x0000000080000000, 0x0000000085480000, 0x00000000d5580000)
  object space 86528K, 99% used [0x0000000080000000,0x000000008540e058,0x0000000085480000)
 Metaspace       used 58526K, committed 59776K, reserved 1114112K
  class space    used 6849K, committed 7424K, reserved 1048576K
}
Event: 12.733 GC heap after
{Heap after GC invocations=65 (full 2):
 PSYoungGen      total 9216K, used 320K [0x00000000d5580000, 0x00000000d6300000, 0x0000000100000000)
  eden space 8192K, 0% used [0x00000000d5580000,0x00000000d5580000,0x00000000d5d80000)
  from space 1024K, 31% used [0x00000000d6180000,0x00000000d61d0000,0x00000000d6280000)
  to   space 512K, 0% used [0x00000000d6280000,0x00000000d6280000,0x00000000d6300000)
 ParOldGen       total 87040K, used 86566K [0x0000000080000000, 0x0000000085500000, 0x00000000d5580000)
  object space 87040K, 99% used [0x0000000080000000,0x0000000085489bc0,0x0000000085500000)
 Metaspace       used 58526K, committed 59776K, reserved 1114112K
  class space    used 6849K, committed 7424K, reserved 1048576K
}
Event: 12.733 GC heap before
{Heap before GC invocations=66 (full 3):
 PSYoungGen      total 9216K, used 320K [0x00000000d5580000, 0x00000000d6300000, 0x0000000100000000)
  eden space 8192K, 0% used [0x00000000d5580000,0x00000000d5580000,0x00000000d5d80000)
  from space 1024K, 31% used [0x00000000d6180000,0x00000000d61d0000,0x00000000d6280000)
  to   space 512K, 0% used [0x00000000d6280000,0x00000000d6280000,0x00000000d6300000)
 ParOldGen       total 87040K, used 86566K [0x0000000080000000, 0x0000000085500000, 0x00000000d5580000)
  object space 87040K, 99% used [0x0000000080000000,0x0000000085489bc0,0x0000000085500000)
 Metaspace       used 58526K, committed 59776K, reserved 1114112K
  class space    used 6849K, committed 7424K, reserved 1048576K
}
Event: 12.822 GC heap after
{Heap after GC invocations=66 (full 3):
 PSYoungGen      total 9216K, used 0K [0x00000000d5580000, 0x00000000d6300000, 0x0000000100000000)
  eden space 8192K, 0% used [0x00000000d5580000,0x00000000d5580000,0x00000000d5d80000)
  from space 1024K, 0% used [0x00000000d6180000,0x00000000d6180000,0x00000000d6280000)
  to   space 512K, 0% used [0x00000000d6280000,0x00000000d6280000,0x00000000d6300000)
 ParOldGen       total 87040K, used 67530K [0x0000000080000000, 0x0000000085500000, 0x00000000d5580000)
  object space 87040K, 77% used [0x0000000080000000,0x00000000841f2838,0x0000000085500000)
 Metaspace       used 58526K, committed 59776K, reserved 1114112K
  class space    used 6849K, committed 7424K, reserved 1048576K
}
Event: 12.907 GC heap before
{Heap before GC invocations=67 (full 3):
 PSYoungGen      total 9216K, used 8191K [0x00000000d5580000, 0x00000000d6300000, 0x0000000100000000)
  eden space 8192K, 99% used [0x00000000d5580000,0x00000000d5d7ffb8,0x00000000d5d80000)
  from space 1024K, 0% used [0x00000000d6180000,0x00000000d6180000,0x00000000d6280000)
  to   space 512K, 0% used [0x00000000d6280000,0x00000000d6280000,0x00000000d6300000)
 ParOldGen       total 87040K, used 67530K [0x0000000080000000, 0x0000000085500000, 0x00000000d5580000)
  object space 87040K, 77% used [0x0000000080000000,0x00000000841f2838,0x0000000085500000)
 Metaspace       used 59767K, committed 61056K, reserved 1114112K
  class space    used 7041K, committed 7616K, reserved 1048576K
}
Event: 12.909 GC heap after
{Heap after GC invocations=67 (full 3):
 PSYoungGen      total 8704K, used 416K [0x00000000d5580000, 0x00000000d6300000, 0x0000000100000000)
  eden space 8192K, 0% used [0x00000000d5580000,0x00000000d5580000,0x00000000d5d80000)
  from space 512K, 81% used [0x00000000d6280000,0x00000000d62e8000,0x00000000d6300000)
  to   space 512K, 0% used [0x00000000d6200000,0x00000000d6200000,0x00000000d6280000)
 ParOldGen       total 87040K, used 67538K [0x0000000080000000, 0x0000000085500000, 0x00000000d5580000)
  object space 87040K, 77% used [0x0000000080000000,0x00000000841f4838,0x0000000085500000)
 Metaspace       used 59767K, committed 61056K, reserved 1114112K
  class space    used 7041K, committed 7616K, reserved 1048576K
}
Event: 13.008 GC heap before
{Heap before GC invocations=68 (full 3):
 PSYoungGen      total 8704K, used 8608K [0x00000000d5580000, 0x00000000d6300000, 0x0000000100000000)
  eden space 8192K, 100% used [0x00000000d5580000,0x00000000d5d80000,0x00000000d5d80000)
  from space 512K, 81% used [0x00000000d6280000,0x00000000d62e8000,0x00000000d6300000)
  to   space 512K, 0% used [0x00000000d6200000,0x00000000d6200000,0x00000000d6280000)
 ParOldGen       total 87040K, used 67538K [0x0000000080000000, 0x0000000085500000, 0x00000000d5580000)
  object space 87040K, 77% used [0x0000000080000000,0x00000000841f4838,0x0000000085500000)
 Metaspace       used 60598K, committed 62016K, reserved 1114112K
  class space    used 7180K, committed 7872K, reserved 1048576K
}
Event: 13.010 GC heap after
{Heap after GC invocations=68 (full 3):
 PSYoungGen      total 8704K, used 384K [0x00000000d5580000, 0x00000000d6300000, 0x0000000100000000)
  eden space 8192K, 0% used [0x00000000d5580000,0x00000000d5580000,0x00000000d5d80000)
  from space 512K, 75% used [0x00000000d6200000,0x00000000d6260000,0x00000000d6280000)
  to   space 512K, 0% used [0x00000000d6280000,0x00000000d6280000,0x00000000d6300000)
 ParOldGen       total 87040K, used 67786K [0x0000000080000000, 0x0000000085500000, 0x00000000d5580000)
  object space 87040K, 77% used [0x0000000080000000,0x0000000084232838,0x0000000085500000)
 Metaspace       used 60598K, committed 62016K, reserved 1114112K
  class space    used 7180K, committed 7872K, reserved 1048576K
}
Event: 13.115 GC heap before
{Heap before GC invocations=69 (full 3):
 PSYoungGen      total 8704K, used 8576K [0x00000000d5580000, 0x00000000d6300000, 0x0000000100000000)
  eden space 8192K, 100% used [0x00000000d5580000,0x00000000d5d80000,0x00000000d5d80000)
  from space 512K, 75% used [0x00000000d6200000,0x00000000d6260000,0x00000000d6280000)
  to   space 512K, 0% used [0x00000000d6280000,0x00000000d6280000,0x00000000d6300000)
 ParOldGen       total 87040K, used 67786K [0x0000000080000000, 0x0000000085500000, 0x00000000d5580000)
  object space 87040K, 77% used [0x0000000080000000,0x0000000084232838,0x0000000085500000)
 Metaspace       used 61347K, committed 62720K, reserved 1114112K
  class space    used 7274K, committed 7872K, reserved 1048576K
}
Event: 13.117 GC heap after
{Heap after GC invocations=69 (full 3):
 PSYoungGen      total 8704K, used 480K [0x00000000d5580000, 0x00000000d6580000, 0x0000000100000000)
  eden space 8192K, 0% used [0x00000000d5580000,0x00000000d5580000,0x00000000d5d80000)
  from space 512K, 93% used [0x00000000d6280000,0x00000000d62f8010,0x00000000d6300000)
  to   space 4096K, 0% used [0x00000000d5d80000,0x00000000d5d80000,0x00000000d6180000)
 ParOldGen       total 87040K, used 70464K [0x0000000080000000, 0x0000000085500000, 0x00000000d5580000)
  object space 87040K, 80% used [0x0000000080000000,0x00000000844d0140,0x0000000085500000)
 Metaspace       used 61347K, committed 62720K, reserved 1114112K
  class space    used 7274K, committed 7872K, reserved 1048576K
}
Event: 13.223 GC heap before
{Heap before GC invocations=70 (full 3):
 PSYoungGen      total 8704K, used 8672K [0x00000000d5580000, 0x00000000d6580000, 0x0000000100000000)
  eden space 8192K, 100% used [0x00000000d5580000,0x00000000d5d80000,0x00000000d5d80000)
  from space 512K, 93% used [0x00000000d6280000,0x00000000d62f8010,0x00000000d6300000)
  to   space 4096K, 0% used [0x00000000d5d80000,0x00000000d5d80000,0x00000000d6180000)
 ParOldGen       total 87040K, used 70464K [0x0000000080000000, 0x0000000085500000, 0x00000000d5580000)
  object space 87040K, 80% used [0x0000000080000000,0x00000000844d0140,0x0000000085500000)
 Metaspace       used 62015K, committed 63424K, reserved 1114112K
  class space    used 7364K, committed 8000K, reserved 1048576K
}
Event: 13.224 GC heap after
{Heap after GC invocations=70 (full 3):
 PSYoungGen      total 12288K, used 320K [0x00000000d5580000, 0x00000000d6300000, 0x0000000100000000)
  eden space 8192K, 0% used [0x00000000d5580000,0x00000000d5580000,0x00000000d5d80000)
  from space 4096K, 7% used [0x00000000d5d80000,0x00000000d5dd0000,0x00000000d6180000)
  to   space 1536K, 0% used [0x00000000d6180000,0x00000000d6180000,0x00000000d6300000)
 ParOldGen       total 87040K, used 70816K [0x0000000080000000, 0x0000000085500000, 0x00000000d5580000)
  object space 87040K, 81% used [0x0000000080000000,0x0000000084528150,0x0000000085500000)
 Metaspace       used 62015K, committed 63424K, reserved 1114112K
  class space    used 7364K, committed 8000K, reserved 1048576K
}
Event: 14.622 GC heap before
{Heap before GC invocations=71 (full 3):
 PSYoungGen      total 12288K, used 8512K [0x00000000d5580000, 0x00000000d6300000, 0x0000000100000000)
  eden space 8192K, 100% used [0x00000000d5580000,0x00000000d5d80000,0x00000000d5d80000)
  from space 4096K, 7% used [0x00000000d5d80000,0x00000000d5dd0000,0x00000000d6180000)
  to   space 1536K, 0% used [0x00000000d6180000,0x00000000d6180000,0x00000000d6300000)
 ParOldGen       total 87040K, used 70816K [0x0000000080000000, 0x0000000085500000, 0x00000000d5580000)
  object space 87040K, 81% used [0x0000000080000000,0x0000000084528150,0x0000000085500000)
 Metaspace       used 62734K, committed 64128K, reserved 1114112K
  class space    used 7445K, committed 8064K, reserved 1048576K
}
Event: 14.623 GC heap after
{Heap after GC invocations=71 (full 3):
 PSYoungGen      total 8704K, used 488K [0x00000000d5580000, 0x00000000d6200000, 0x0000000100000000)
  eden space 8192K, 0% used [0x00000000d5580000,0x00000000d5580000,0x00000000d5d80000)
  from space 512K, 95% used [0x00000000d6180000,0x00000000d61fa1b8,0x00000000d6200000)
  to   space 1024K, 0% used [0x00000000d6000000,0x00000000d6000000,0x00000000d6100000)
 ParOldGen       total 87040K, used 71014K [0x0000000080000000, 0x0000000085500000, 0x00000000d5580000)
  object space 87040K, 81% used [0x0000000080000000,0x00000000845598f8,0x0000000085500000)
 Metaspace       used 62734K, committed 64128K, reserved 1114112K
  class space    used 7445K, committed 8064K, reserved 1048576K
}
Event: 14.655 GC heap before
{Heap before GC invocations=72 (full 3):
 PSYoungGen      total 8704K, used 8680K [0x00000000d5580000, 0x00000000d6200000, 0x0000000100000000)
  eden space 8192K, 99% used [0x00000000d5580000,0x00000000d5d7ffb0,0x00000000d5d80000)
  from space 512K, 95% used [0x00000000d6180000,0x00000000d61fa1b8,0x00000000d6200000)
  to   space 1024K, 0% used [0x00000000d6000000,0x00000000d6000000,0x00000000d6100000)
 ParOldGen       total 87040K, used 71014K [0x0000000080000000, 0x0000000085500000, 0x00000000d5580000)
  object space 87040K, 81% used [0x0000000080000000,0x00000000845598f8,0x0000000085500000)
 Metaspace       used 62840K, committed 64192K, reserved 1114112K
  class space    used 7454K, committed 8064K, reserved 1048576K
}
Event: 14.659 GC heap after
{Heap after GC invocations=72 (full 3):
 PSYoungGen      total 9216K, used 996K [0x00000000d5580000, 0x00000000d6c80000, 0x0000000100000000)
  eden space 8192K, 0% used [0x00000000d5580000,0x00000000d5580000,0x00000000d5d80000)
  from space 1024K, 97% used [0x00000000d6000000,0x00000000d60f91f8,0x00000000d6100000)
  to   space 7680K, 0% used [0x00000000d6500000,0x00000000d6500000,0x00000000d6c80000)
 ParOldGen       total 87040K, used 76281K [0x0000000080000000, 0x0000000085500000, 0x00000000d5580000)
  object space 87040K, 87% used [0x0000000080000000,0x0000000084a7e790,0x0000000085500000)
 Metaspace       used 62840K, committed 64192K, reserved 1114112K
  class space    used 7454K, committed 8064K, reserved 1048576K
}
Event: 14.702 GC heap before
{Heap before GC invocations=73 (full 3):
 PSYoungGen      total 9216K, used 9188K [0x00000000d5580000, 0x00000000d6c80000, 0x0000000100000000)
  eden space 8192K, 100% used [0x00000000d5580000,0x00000000d5d80000,0x00000000d5d80000)
  from space 1024K, 97% used [0x00000000d6000000,0x00000000d60f91f8,0x00000000d6100000)
  to   space 7680K, 0% used [0x00000000d6500000,0x00000000d6500000,0x00000000d6c80000)
 ParOldGen       total 87040K, used 76281K [0x0000000080000000, 0x0000000085500000, 0x00000000d5580000)
  object space 87040K, 87% used [0x0000000080000000,0x0000000084a7e790,0x0000000085500000)
 Metaspace       used 63046K, committed 64384K, reserved 1114112K
  class space    used 7472K, committed 8064K, reserved 1048576K
}
Event: 14.705 GC heap after
{Heap after GC invocations=73 (full 3):
 PSYoungGen      total 12288K, used 4000K [0x00000000d5580000, 0x00000000d6900000, 0x0000000100000000)
  eden space 8192K, 0% used [0x00000000d5580000,0x00000000d5580000,0x00000000d5d80000)
  from space 4096K, 97% used [0x00000000d6500000,0x00000000d68e8000,0x00000000d6900000)
  to   space 5120K, 0% used [0x00000000d5f00000,0x00000000d5f00000,0x00000000d6400000)
 ParOldGen       total 87040K, used 76763K [0x0000000080000000, 0x0000000085500000, 0x00000000d5580000)
  object space 87040K, 88% used [0x0000000080000000,0x0000000084af6cf8,0x0000000085500000)
 Metaspace       used 63046K, committed 64384K, reserved 1114112K
  class space    used 7472K, committed 8064K, reserved 1048576K
}
Event: 14.862 GC heap before
{Heap before GC invocations=74 (full 3):
 PSYoungGen      total 12288K, used 12192K [0x00000000d5580000, 0x00000000d6900000, 0x0000000100000000)
  eden space 8192K, 100% used [0x00000000d5580000,0x00000000d5d80000,0x00000000d5d80000)
  from space 4096K, 97% used [0x00000000d6500000,0x00000000d68e8000,0x00000000d6900000)
  to   space 5120K, 0% used [0x00000000d5f00000,0x00000000d5f00000,0x00000000d6400000)
 ParOldGen       total 87040K, used 76763K [0x0000000080000000, 0x0000000085500000, 0x00000000d5580000)
  object space 87040K, 88% used [0x0000000080000000,0x0000000084af6cf8,0x0000000085500000)
 Metaspace       used 63586K, committed 65024K, reserved 1114112K
  class space    used 7530K, committed 8192K, reserved 1048576K
}

