# JRE version: OpenJDK Runtime Environment Temurin-21.0.9+10 (21.0.9+10) (build 21.0.9+10-LTS)
# Java VM: OpenJDK 64-Bit Server VM Temurin-21.0.9+10 (21.0.9+10-LTS, mixed mode, sharing, tiered, compressed oops, compressed class ptrs, parallel gc, windows-amd64)
GC Precious Log:
 CardTable entry size: 512
 CPUs: 12 total, 12 available
 Memory: 8059M
 Large Page Support: Disabled
 NUMA Support: Disabled
 Compressed Oops: Enabled (32-bit)
 Alignments: Space 512K, Generation 512K, Heap 2M
 Heap Min Capacity: 100M
 Heap Initial Capacity: 100M
 Heap Max Capacity: 2G
 Pre-touch: Disabled
 Parallel Workers: 10
Heap:
 PSYoungGen      total 7168K, used 1815K [0x00000000d5580000, 0x00000000d5d80000, 0x0000000100000000)
  eden space 6656K, 21% used [0x00000000d5580000,0x00000000d56e9e20,0x00000000d5c00000)
  from space 512K, 71% used [0x00000000d5d00000,0x00000000d5d5c010,0x00000000d5d80000)
  to   space 512K, 0% used [0x00000000d5c80000,0x00000000d5c80000,0x00000000d5d00000)
 ParOldGen       total 93184K, used 92792K [0x0000000080000000, 0x0000000085b00000, 0x00000000d5580000)
  object space 93184K, 99% used [0x0000000080000000,0x0000000085a9e2d8,0x0000000085b00000)
 Metaspace       used 62817K, committed 64192K, reserved 1114112K
  class space    used 7350K, committed 7936K, reserved 1048576K
GC Heap History (20 events):
Event: 37.960 GC heap before
{Heap before GC invocations=80 (full 3):
 PSYoungGen      total 8704K, used 8676K [0x00000000d5580000, 0x00000000d6100000, 0x0000000100000000)
  eden space 7680K, 100% used [0x00000000d5580000,0x00000000d5d00000,0x00000000d5d00000)
  from space 1024K, 97% used [0x00000000d5f00000,0x00000000d5ff9000,0x00000000d6000000)
  to   space 2048K, 0% used [0x00000000d5d00000,0x00000000d5d00000,0x00000000d5f00000)
 ParOldGen       total 86528K, used 86124K [0x0000000080000000, 0x0000000085480000, 0x00000000d5580000)
  object space 86528K, 99% used [0x0000000080000000,0x000000008541b2a0,0x0000000085480000)
 Metaspace       used 62070K, committed 63488K, reserved 1114112K
  class space    used 7298K, committed 7872K, reserved 1048576K
}
Event: 37.965 GC heap after
{Heap after GC invocations=80 (full 3):
 PSYoungGen      total 8704K, used 896K [0x00000000d5580000, 0x00000000d6000000, 0x0000000100000000)
  eden space 7680K, 0% used [0x00000000d5580000,0x00000000d5580000,0x00000000d5d00000)
  from space 1024K, 87% used [0x00000000d5d00000,0x00000000d5de0000,0x00000000d5e00000)
  to   space 1536K, 0% used [0x00000000d5e80000,0x00000000d5e80000,0x00000000d6000000)
 ParOldGen       total 87552K, used 87090K [0x0000000080000000, 0x0000000085580000, 0x00000000d5580000)
  object space 87552K, 99% used [0x0000000080000000,0x000000008550c8c8,0x0000000085580000)
 Metaspace       used 62070K, committed 63488K, reserved 1114112K
  class space    used 7298K, committed 7872K, reserved 1048576K
}
Event: 37.995 GC heap before
{Heap before GC invocations=81 (full 3):
 PSYoungGen      total 8704K, used 8576K [0x00000000d5580000, 0x00000000d6000000, 0x0000000100000000)
  eden space 7680K, 100% used [0x00000000d5580000,0x00000000d5d00000,0x00000000d5d00000)
  from space 1024K, 87% used [0x00000000d5d00000,0x00000000d5de0000,0x00000000d5e00000)
  to   space 1536K, 0% used [0x00000000d5e80000,0x00000000d5e80000,0x00000000d6000000)
 ParOldGen       total 87552K, used 87090K [0x0000000080000000, 0x0000000085580000, 0x00000000d5580000)
  object space 87552K, 99% used [0x0000000080000000,0x000000008550c8c8,0x0000000085580000)
 Metaspace       used 62074K, committed 63488K, reserved 1114112K
  class space    used 7298K, committed 7872K, reserved 1048576K
}
Event: 37.999 GC heap after
{Heap after GC invocations=81 (full 3):
 PSYoungGen      total 8704K, used 928K [0x00000000d5580000, 0x00000000d5f80000, 0x0000000100000000)
  eden space 7680K, 0% used [0x00000000d5580000,0x00000000d5580000,0x00000000d5d00000)
  from space 1024K, 90% used [0x00000000d5e80000,0x00000000d5f68000,0x00000000d5f80000)
  to   space 1024K, 0% used [0x00000000d5d00000,0x00000000d5d00000,0x00000000d5e00000)
 ParOldGen       total 88064K, used 87858K [0x0000000080000000, 0x0000000085600000, 0x00000000d5580000)
  object space 88064K, 99% used [0x0000000080000000,0x00000000855cc8c8,0x0000000085600000)
 Metaspace       used 62074K, committed 63488K, reserved 1114112K
  class space    used 7298K, committed 7872K, reserved 1048576K
}
Event: 38.033 GC heap before
{Heap before GC invocations=82 (full 3):
 PSYoungGen      total 8704K, used 8608K [0x00000000d5580000, 0x00000000d5f80000, 0x0000000100000000)
  eden space 7680K, 100% used [0x00000000d5580000,0x00000000d5d00000,0x00000000d5d00000)
  from space 1024K, 90% used [0x00000000d5e80000,0x00000000d5f68000,0x00000000d5f80000)
  to   space 1024K, 0% used [0x00000000d5d00000,0x00000000d5d00000,0x00000000d5e00000)
 ParOldGen       total 88064K, used 87858K [0x0000000080000000, 0x0000000085600000, 0x00000000d5580000)
  object space 88064K, 99% used [0x0000000080000000,0x00000000855cc8c8,0x0000000085600000)
 Metaspace       used 62087K, committed 63488K, reserved 1114112K
  class space    used 7299K, committed 7872K, reserved 1048576K
}
Event: 38.035 GC heap after
{Heap after GC invocations=82 (full 3):
 PSYoungGen      total 8704K, used 896K [0x00000000d5580000, 0x00000000d5f00000, 0x0000000100000000)
  eden space 7680K, 0% used [0x00000000d5580000,0x00000000d5580000,0x00000000d5d00000)
  from space 1024K, 87% used [0x00000000d5d00000,0x00000000d5de0000,0x00000000d5e00000)
  to   space 1024K, 0% used [0x00000000d5e00000,0x00000000d5e00000,0x00000000d5f00000)
 ParOldGen       total 89088K, used 88634K [0x0000000080000000, 0x0000000085700000, 0x00000000d5580000)
  object space 89088K, 99% used [0x0000000080000000,0x000000008568e8c8,0x0000000085700000)
 Metaspace       used 62087K, committed 63488K, reserved 1114112K
  class space    used 7299K, committed 7872K, reserved 1048576K
}
Event: 38.078 GC heap before
{Heap before GC invocations=83 (full 3):
 PSYoungGen      total 8704K, used 8576K [0x00000000d5580000, 0x00000000d5f00000, 0x0000000100000000)
  eden space 7680K, 100% used [0x00000000d5580000,0x00000000d5d00000,0x00000000d5d00000)
  from space 1024K, 87% used [0x00000000d5d00000,0x00000000d5de0000,0x00000000d5e00000)
  to   space 1024K, 0% used [0x00000000d5e00000,0x00000000d5e00000,0x00000000d5f00000)
 ParOldGen       total 89088K, used 88634K [0x0000000080000000, 0x0000000085700000, 0x00000000d5580000)
  object space 89088K, 99% used [0x0000000080000000,0x000000008568e8c8,0x0000000085700000)
 Metaspace       used 62104K, committed 63488K, reserved 1114112K
  class space    used 7299K, committed 7872K, reserved 1048576K
}
Event: 38.081 GC heap after
{Heap after GC invocations=83 (full 3):
 PSYoungGen      total 7680K, used 992K [0x00000000d5580000, 0x00000000d6100000, 0x0000000100000000)
  eden space 6656K, 0% used [0x00000000d5580000,0x00000000d5580000,0x00000000d5c00000)
  from space 1024K, 96% used [0x00000000d5e00000,0x00000000d5ef8010,0x00000000d5f00000)
  to   space 2048K, 0% used [0x00000000d5c00000,0x00000000d5c00000,0x00000000d5e00000)
 ParOldGen       total 89600K, used 89410K [0x0000000080000000, 0x0000000085780000, 0x00000000d5580000)
  object space 89600K, 99% used [0x0000000080000000,0x00000000857508c8,0x0000000085780000)
 Metaspace       used 62104K, committed 63488K, reserved 1114112K
  class space    used 7299K, committed 7872K, reserved 1048576K
}
Event: 38.109 GC heap before
{Heap before GC invocations=84 (full 3):
 PSYoungGen      total 7680K, used 7648K [0x00000000d5580000, 0x00000000d6100000, 0x0000000100000000)
  eden space 6656K, 100% used [0x00000000d5580000,0x00000000d5c00000,0x00000000d5c00000)
  from space 1024K, 96% used [0x00000000d5e00000,0x00000000d5ef8010,0x00000000d5f00000)
  to   space 2048K, 0% used [0x00000000d5c00000,0x00000000d5c00000,0x00000000d5e00000)
 ParOldGen       total 89600K, used 89410K [0x0000000080000000, 0x0000000085780000, 0x00000000d5580000)
  object space 89600K, 99% used [0x0000000080000000,0x00000000857508c8,0x0000000085780000)
 Metaspace       used 62105K, committed 63488K, reserved 1114112K
  class space    used 7299K, committed 7872K, reserved 1048576K
}
Event: 38.112 GC heap after
{Heap after GC invocations=84 (full 3):
 PSYoungGen      total 7680K, used 864K [0x00000000d5580000, 0x00000000d5f00000, 0x0000000100000000)
  eden space 6656K, 0% used [0x00000000d5580000,0x00000000d5580000,0x00000000d5c00000)
  from space 1024K, 84% used [0x00000000d5c00000,0x00000000d5cd8000,0x00000000d5d00000)
  to   space 1536K, 0% used [0x00000000d5d80000,0x00000000d5d80000,0x00000000d5f00000)
 ParOldGen       total 90624K, used 90354K [0x0000000080000000, 0x0000000085880000, 0x00000000d5580000)
  object space 90624K, 99% used [0x0000000080000000,0x000000008583c8d8,0x0000000085880000)
 Metaspace       used 62105K, committed 63488K, reserved 1114112K
  class space    used 7299K, committed 7872K, reserved 1048576K
}
Event: 38.147 GC heap before
{Heap before GC invocations=85 (full 3):
 PSYoungGen      total 7680K, used 7520K [0x00000000d5580000, 0x00000000d5f00000, 0x0000000100000000)
  eden space 6656K, 100% used [0x00000000d5580000,0x00000000d5c00000,0x00000000d5c00000)
  from space 1024K, 84% used [0x00000000d5c00000,0x00000000d5cd8000,0x00000000d5d00000)
  to   space 1536K, 0% used [0x00000000d5d80000,0x00000000d5d80000,0x00000000d5f00000)
 ParOldGen       total 90624K, used 90354K [0x0000000080000000, 0x0000000085880000, 0x00000000d5580000)
  object space 90624K, 99% used [0x0000000080000000,0x000000008583c8d8,0x0000000085880000)
 Metaspace       used 62116K, committed 63488K, reserved 1114112K
  class space    used 7299K, committed 7872K, reserved 1048576K
}
Event: 38.149 GC heap after
{Heap after GC invocations=85 (full 3):
 PSYoungGen      total 7680K, used 792K [0x00000000d5580000, 0x00000000d5e80000, 0x0000000100000000)
  eden space 6656K, 0% used [0x00000000d5580000,0x00000000d5580000,0x00000000d5c00000)
  from space 1024K, 77% used [0x00000000d5d80000,0x00000000d5e46200,0x00000000d5e80000)
  to   space 1024K, 0% used [0x00000000d5c00000,0x00000000d5c00000,0x00000000d5d00000)
 ParOldGen       total 91136K, used 91034K [0x0000000080000000, 0x0000000085900000, 0x00000000d5580000)
  object space 91136K, 99% used [0x0000000080000000,0x00000000858e68d8,0x0000000085900000)
 Metaspace       used 62116K, committed 63488K, reserved 1114112K
  class space    used 7299K, committed 7872K, reserved 1048576K
}
Event: 38.168 GC heap before
{Heap before GC invocations=86 (full 3):
 PSYoungGen      total 7680K, used 7448K [0x00000000d5580000, 0x00000000d5e80000, 0x0000000100000000)
  eden space 6656K, 100% used [0x00000000d5580000,0x00000000d5c00000,0x00000000d5c00000)
  from space 1024K, 77% used [0x00000000d5d80000,0x00000000d5e46200,0x00000000d5e80000)
  to   space 1024K, 0% used [0x00000000d5c00000,0x00000000d5c00000,0x00000000d5d00000)
 ParOldGen       total 91136K, used 91034K [0x0000000080000000, 0x0000000085900000, 0x00000000d5580000)
  object space 91136K, 99% used [0x0000000080000000,0x00000000858e68d8,0x0000000085900000)
 Metaspace       used 62132K, committed 63488K, reserved 1114112K
  class space    used 7300K, committed 7872K, reserved 1048576K
}
Event: 38.170 GC heap after
{Heap after GC invocations=86 (full 3):
 PSYoungGen      total 7680K, used 768K [0x00000000d5580000, 0x00000000d5e00000, 0x0000000100000000)
  eden space 6656K, 0% used [0x00000000d5580000,0x00000000d5580000,0x00000000d5c00000)
  from space 1024K, 75% used [0x00000000d5c00000,0x00000000d5cc0000,0x00000000d5d00000)
  to   space 1024K, 0% used [0x00000000d5d00000,0x00000000d5d00000,0x00000000d5e00000)
 ParOldGen       total 92160K, used 91690K [0x0000000080000000, 0x0000000085a00000, 0x00000000d5580000)
  object space 92160K, 99% used [0x0000000080000000,0x000000008598aad8,0x0000000085a00000)
 Metaspace       used 62132K, committed 63488K, reserved 1114112K
  class space    used 7300K, committed 7872K, reserved 1048576K
}
Event: 38.281 GC heap before
{Heap before GC invocations=87 (full 3):
 PSYoungGen      total 7680K, used 7424K [0x00000000d5580000, 0x00000000d5e00000, 0x0000000100000000)
  eden space 6656K, 100% used [0x00000000d5580000,0x00000000d5c00000,0x00000000d5c00000)
  from space 1024K, 75% used [0x00000000d5c00000,0x00000000d5cc0000,0x00000000d5d00000)
  to   space 1024K, 0% used [0x00000000d5d00000,0x00000000d5d00000,0x00000000d5e00000)
 ParOldGen       total 92160K, used 91690K [0x0000000080000000, 0x0000000085a00000, 0x00000000d5580000)
  object space 92160K, 99% used [0x0000000080000000,0x000000008598aad8,0x0000000085a00000)
 Metaspace       used 62434K, committed 63872K, reserved 1114112K
  class space    used 7327K, committed 7936K, reserved 1048576K
}
Event: 38.283 GC heap after
{Heap after GC invocations=87 (full 3):
 PSYoungGen      total 7680K, used 512K [0x00000000d5580000, 0x00000000d5e00000, 0x0000000100000000)
  eden space 6656K, 0% used [0x00000000d5580000,0x00000000d5580000,0x00000000d5c00000)
  from space 1024K, 50% used [0x00000000d5d00000,0x00000000d5d80020,0x00000000d5e00000)
  to   space 1024K, 0% used [0x00000000d5c00000,0x00000000d5c00000,0x00000000d5d00000)
 ParOldGen       total 92672K, used 92322K [0x0000000080000000, 0x0000000085a80000, 0x00000000d5580000)
  object space 92672K, 99% used [0x0000000080000000,0x0000000085a28ad8,0x0000000085a80000)
 Metaspace       used 62434K, committed 63872K, reserved 1114112K
  class space    used 7327K, committed 7936K, reserved 1048576K
}
Event: 38.431 GC heap before
{Heap before GC invocations=88 (full 3):
 PSYoungGen      total 7680K, used 7168K [0x00000000d5580000, 0x00000000d5e00000, 0x0000000100000000)
  eden space 6656K, 100% used [0x00000000d5580000,0x00000000d5c00000,0x00000000d5c00000)
  from space 1024K, 50% used [0x00000000d5d00000,0x00000000d5d80020,0x00000000d5e00000)
  to   space 1024K, 0% used [0x00000000d5c00000,0x00000000d5c00000,0x00000000d5d00000)
 ParOldGen       total 92672K, used 92322K [0x0000000080000000, 0x0000000085a80000, 0x00000000d5580000)
  object space 92672K, 99% used [0x0000000080000000,0x0000000085a28ad8,0x0000000085a80000)
 Metaspace       used 62632K, committed 64000K, reserved 1114112K
  class space    used 7345K, committed 7936K, reserved 1048576K
}
Event: 38.433 GC heap after
{Heap after GC invocations=88 (full 3):
 PSYoungGen      total 7680K, used 442K [0x00000000d5580000, 0x00000000d5d80000, 0x0000000100000000)
  eden space 6656K, 0% used [0x00000000d5580000,0x00000000d5580000,0x00000000d5c00000)
  from space 1024K, 43% used [0x00000000d5c00000,0x00000000d5c6e8b8,0x00000000d5d00000)
  to   space 512K, 0% used [0x00000000d5d00000,0x00000000d5d00000,0x00000000d5d80000)
 ParOldGen       total 92672K, used 92603K [0x0000000080000000, 0x0000000085a80000, 0x00000000d5580000)
  object space 92672K, 99% used [0x0000000080000000,0x0000000085a6ee58,0x0000000085a80000)
 Metaspace       used 62632K, committed 64000K, reserved 1114112K
  class space    used 7345K, committed 7936K, reserved 1048576K
}
Event: 3026.592 GC heap before
{Heap before GC invocations=89 (full 3):
 PSYoungGen      total 7680K, used 7098K [0x00000000d5580000, 0x00000000d5d80000, 0x0000000100000000)
  eden space 6656K, 100% used [0x00000000d5580000,0x00000000d5c00000,0x00000000d5c00000)
  from space 1024K, 43% used [0x00000000d5c00000,0x00000000d5c6e8b8,0x00000000d5d00000)
  to   space 512K, 0% used [0x00000000d5d00000,0x00000000d5d00000,0x00000000d5d80000)
 ParOldGen       total 92672K, used 92603K [0x0000000080000000, 0x0000000085a80000, 0x00000000d5580000)
  object space 92672K, 99% used [0x0000000080000000,0x0000000085a6ee58,0x0000000085a80000)
 Metaspace       used 62803K, committed 64128K, reserved 1114112K
  class space    used 7350K, committed 7936K, reserved 1048576K
}
Event: 3026.680 GC heap after
{Heap after GC invocations=89 (full 3):
 PSYoungGen      total 7168K, used 368K [0x00000000d5580000, 0x00000000d5d80000, 0x0000000100000000)
  eden space 6656K, 0% used [0x00000000d5580000,0x00000000d5580000,0x00000000d5c00000)
  from space 512K, 71% used [0x00000000d5d00000,0x00000000d5d5c010,0x00000000d5d80000)
  to   space 512K, 0% used [0x00000000d5c80000,0x00000000d5c80000,0x00000000d5d00000)
 ParOldGen       total 93184K, used 92792K [0x0000000080000000, 0x0000000085b00000, 0x00000000d5580000)
  object space 93184K, 99% used [0x0000000080000000,0x0000000085a9e2d8,0x0000000085b00000)
 Metaspace       used 62803K, committed 64128K, reserved 1114112K
  class space    used 7350K, committed 7936K, reserved 1048576K
}

