# JRE version: OpenJDK Runtime Environment Temurin-21.0.10+7 (21.0.10+7) (build 21.0.10+7-LTS)
# Java VM: OpenJDK 64-Bit Server VM Temurin-21.0.10+7 (21.0.10+7-LTS, mixed mode, sharing, tiered, compressed oops, compressed class ptrs, parallel gc, windows-amd64)
GC Precious Log:
 CardTable entry size: 512
 CPUs: 12 total, 12 available
 Memory: 8059M
 Large Page Support: Disabled
 NUMA Support: Disabled
 Compressed Oops: Enabled (32-bit)
 Alignments: Space 512K, Generation 512K, Heap 2M
 Heap Min Capacity: 100M
 Heap Initial Capacity: 100M
 Heap Max Capacity: 2G
 Pre-touch: Disabled
 Parallel Workers: 10
Heap:
 PSYoungGen      total 5120K, used 1019K [0x00000000d5580000, 0x00000000d5d80000, 0x0000000100000000)
  eden space 4608K, 15% used [0x00000000d5580000,0x00000000d562efe0,0x00000000d5a00000)
  from space 512K, 62% used [0x00000000d5d00000,0x00000000d5d50000,0x00000000d5d80000)
  to   space 1024K, 0% used [0x00000000d5b80000,0x00000000d5b80000,0x00000000d5c80000)
 ParOldGen       total 89088K, used 69203K [0x0000000080000000, 0x0000000085700000, 0x00000000d5580000)
  object space 89088K, 77% used [0x0000000080000000,0x0000000084394e18,0x0000000085700000)
 Metaspace       used 62289K, committed 63616K, reserved 1114112K
  class space    used 7395K, committed 8000K, reserved 1048576K
GC Heap History (20 events):
Event: 14.642 GC heap before
{Heap before GC invocations=86 (full 2):
 PSYoungGen      total 5632K, used 5440K [0x00000000d5580000, 0x00000000d5f00000, 0x0000000100000000)
  eden space 4608K, 100% used [0x00000000d5580000,0x00000000d5a00000,0x00000000d5a00000)
  from space 1024K, 81% used [0x00000000d5a00000,0x00000000d5ad0000,0x00000000d5b00000)
  to   space 2048K, 0% used [0x00000000d5d00000,0x00000000d5d00000,0x00000000d5f00000)
 ParOldGen       total 88064K, used 87908K [0x0000000080000000, 0x0000000085600000, 0x00000000d5580000)
  object space 88064K, 99% used [0x0000000080000000,0x00000000855d93a0,0x0000000085600000)
 Metaspace       used 58567K, committed 59776K, reserved 1114112K
  class space    used 6855K, committed 7360K, reserved 1048576K
}
Event: 14.644 GC heap after
{Heap after GC invocations=86 (full 2):
 PSYoungGen      total 5120K, used 352K [0x00000000d5580000, 0x00000000d5d80000, 0x0000000100000000)
  eden space 4608K, 0% used [0x00000000d5580000,0x00000000d5580000,0x00000000d5a00000)
  from space 512K, 68% used [0x00000000d5d00000,0x00000000d5d58000,0x00000000d5d80000)
  to   space 1024K, 0% used [0x00000000d5b80000,0x00000000d5b80000,0x00000000d5c80000)
 ParOldGen       total 89088K, used 88620K [0x0000000080000000, 0x0000000085700000, 0x00000000d5580000)
  object space 89088K, 99% used [0x0000000080000000,0x000000008568b3a0,0x0000000085700000)
 Metaspace       used 58567K, committed 59776K, reserved 1114112K
  class space    used 6855K, committed 7360K, reserved 1048576K
}
Event: 14.644 GC heap before
{Heap before GC invocations=87 (full 2):
 PSYoungGen      total 5120K, used 386K [0x00000000d5580000, 0x00000000d5d80000, 0x0000000100000000)
  eden space 4608K, 0% used [0x00000000d5580000,0x00000000d55889c0,0x00000000d5a00000)
  from space 512K, 68% used [0x00000000d5d00000,0x00000000d5d58000,0x00000000d5d80000)
  to   space 1024K, 0% used [0x00000000d5b80000,0x00000000d5b80000,0x00000000d5c80000)
 ParOldGen       total 89088K, used 88620K [0x0000000080000000, 0x0000000085700000, 0x00000000d5580000)
  object space 89088K, 99% used [0x0000000080000000,0x000000008568b3a0,0x0000000085700000)
 Metaspace       used 58567K, committed 59776K, reserved 1114112K
  class space    used 6855K, committed 7360K, reserved 1048576K
}
Event: 14.645 GC heap after
{Heap after GC invocations=87 (full 2):
 PSYoungGen      total 5632K, used 64K [0x00000000d5580000, 0x00000000d5d80000, 0x0000000100000000)
  eden space 4608K, 0% used [0x00000000d5580000,0x00000000d5580000,0x00000000d5a00000)
  from space 1024K, 6% used [0x00000000d5b80000,0x00000000d5b90000,0x00000000d5c80000)
  to   space 512K, 0% used [0x00000000d5d00000,0x00000000d5d00000,0x00000000d5d80000)
 ParOldGen       total 89088K, used 88758K [0x0000000080000000, 0x0000000085700000, 0x00000000d5580000)
  object space 89088K, 99% used [0x0000000080000000,0x00000000856ada28,0x0000000085700000)
 Metaspace       used 58567K, committed 59776K, reserved 1114112K
  class space    used 6855K, committed 7360K, reserved 1048576K
}
Event: 14.645 GC heap before
{Heap before GC invocations=88 (full 3):
 PSYoungGen      total 5632K, used 64K [0x00000000d5580000, 0x00000000d5d80000, 0x0000000100000000)
  eden space 4608K, 0% used [0x00000000d5580000,0x00000000d5580000,0x00000000d5a00000)
  from space 1024K, 6% used [0x00000000d5b80000,0x00000000d5b90000,0x00000000d5c80000)
  to   space 512K, 0% used [0x00000000d5d00000,0x00000000d5d00000,0x00000000d5d80000)
 ParOldGen       total 89088K, used 88758K [0x0000000080000000, 0x0000000085700000, 0x00000000d5580000)
  object space 89088K, 99% used [0x0000000080000000,0x00000000856ada28,0x0000000085700000)
 Metaspace       used 58567K, committed 59776K, reserved 1114112K
  class space    used 6855K, committed 7360K, reserved 1048576K
}
Event: 14.738 GC heap after
{Heap after GC invocations=88 (full 3):
 PSYoungGen      total 5632K, used 0K [0x00000000d5580000, 0x00000000d5d80000, 0x0000000100000000)
  eden space 4608K, 0% used [0x00000000d5580000,0x00000000d5580000,0x00000000d5a00000)
  from space 1024K, 0% used [0x00000000d5b80000,0x00000000d5b80000,0x00000000d5c80000)
  to   space 512K, 0% used [0x00000000d5d00000,0x00000000d5d00000,0x00000000d5d80000)
 ParOldGen       total 89088K, used 67545K [0x0000000080000000, 0x0000000085700000, 0x00000000d5580000)
  object space 89088K, 75% used [0x0000000080000000,0x00000000841f6598,0x0000000085700000)
 Metaspace       used 58567K, committed 59776K, reserved 1114112K
  class space    used 6855K, committed 7360K, reserved 1048576K
}
Event: 14.796 GC heap before
{Heap before GC invocations=89 (full 3):
 PSYoungGen      total 5632K, used 4608K [0x00000000d5580000, 0x00000000d5d80000, 0x0000000100000000)
  eden space 4608K, 100% used [0x00000000d5580000,0x00000000d5a00000,0x00000000d5a00000)
  from space 1024K, 0% used [0x00000000d5b80000,0x00000000d5b80000,0x00000000d5c80000)
  to   space 512K, 0% used [0x00000000d5d00000,0x00000000d5d00000,0x00000000d5d80000)
 ParOldGen       total 89088K, used 67545K [0x0000000080000000, 0x0000000085700000, 0x00000000d5580000)
  object space 89088K, 75% used [0x0000000080000000,0x00000000841f6598,0x0000000085700000)
 Metaspace       used 59265K, committed 60544K, reserved 1114112K
  class space    used 6964K, committed 7488K, reserved 1048576K
}
Event: 14.797 GC heap after
{Heap after GC invocations=89 (full 3):
 PSYoungGen      total 5120K, used 320K [0x00000000d5580000, 0x00000000d5d80000, 0x0000000100000000)
  eden space 4608K, 0% used [0x00000000d5580000,0x00000000d5580000,0x00000000d5a00000)
  from space 512K, 62% used [0x00000000d5d00000,0x00000000d5d50000,0x00000000d5d80000)
  to   space 512K, 0% used [0x00000000d5c80000,0x00000000d5c80000,0x00000000d5d00000)
 ParOldGen       total 89088K, used 67545K [0x0000000080000000, 0x0000000085700000, 0x00000000d5580000)
  object space 89088K, 75% used [0x0000000080000000,0x00000000841f6598,0x0000000085700000)
 Metaspace       used 59265K, committed 60544K, reserved 1114112K
  class space    used 6964K, committed 7488K, reserved 1048576K
}
Event: 14.849 GC heap before
{Heap before GC invocations=90 (full 3):
 PSYoungGen      total 5120K, used 4928K [0x00000000d5580000, 0x00000000d5d80000, 0x0000000100000000)
  eden space 4608K, 100% used [0x00000000d5580000,0x00000000d5a00000,0x00000000d5a00000)
  from space 512K, 62% used [0x00000000d5d00000,0x00000000d5d50000,0x00000000d5d80000)
  to   space 512K, 0% used [0x00000000d5c80000,0x00000000d5c80000,0x00000000d5d00000)
 ParOldGen       total 89088K, used 67545K [0x0000000080000000, 0x0000000085700000, 0x00000000d5580000)
  object space 89088K, 75% used [0x0000000080000000,0x00000000841f6598,0x0000000085700000)
 Metaspace       used 59667K, committed 60928K, reserved 1114112K
  class space    used 7037K, committed 7616K, reserved 1048576K
}
Event: 14.850 GC heap after
{Heap after GC invocations=90 (full 3):
 PSYoungGen      total 5120K, used 499K [0x00000000d5580000, 0x00000000d5d80000, 0x0000000100000000)
  eden space 4608K, 0% used [0x00000000d5580000,0x00000000d5580000,0x00000000d5a00000)
  from space 512K, 97% used [0x00000000d5c80000,0x00000000d5cfcf90,0x00000000d5d00000)
  to   space 512K, 0% used [0x00000000d5d00000,0x00000000d5d00000,0x00000000d5d80000)
 ParOldGen       total 89088K, used 67729K [0x0000000080000000, 0x0000000085700000, 0x00000000d5580000)
  object space 89088K, 76% used [0x0000000080000000,0x0000000084224598,0x0000000085700000)
 Metaspace       used 59667K, committed 60928K, reserved 1114112K
  class space    used 7037K, committed 7616K, reserved 1048576K
}
Event: 14.883 GC heap before
{Heap before GC invocations=91 (full 3):
 PSYoungGen      total 5120K, used 5107K [0x00000000d5580000, 0x00000000d5d80000, 0x0000000100000000)
  eden space 4608K, 100% used [0x00000000d5580000,0x00000000d5a00000,0x00000000d5a00000)
  from space 512K, 97% used [0x00000000d5c80000,0x00000000d5cfcf90,0x00000000d5d00000)
  to   space 512K, 0% used [0x00000000d5d00000,0x00000000d5d00000,0x00000000d5d80000)
 ParOldGen       total 89088K, used 67729K [0x0000000080000000, 0x0000000085700000, 0x00000000d5580000)
  object space 89088K, 76% used [0x0000000080000000,0x0000000084224598,0x0000000085700000)
 Metaspace       used 60327K, committed 61568K, reserved 1114112K
  class space    used 7149K, committed 7680K, reserved 1048576K
}
Event: 14.884 GC heap after
{Heap after GC invocations=91 (full 3):
 PSYoungGen      total 5120K, used 489K [0x00000000d5580000, 0x00000000d5d80000, 0x0000000100000000)
  eden space 4608K, 0% used [0x00000000d5580000,0x00000000d5580000,0x00000000d5a00000)
  from space 512K, 95% used [0x00000000d5d00000,0x00000000d5d7a460,0x00000000d5d80000)
  to   space 512K, 0% used [0x00000000d5c80000,0x00000000d5c80000,0x00000000d5d00000)
 ParOldGen       total 89088K, used 67859K [0x0000000080000000, 0x0000000085700000, 0x00000000d5580000)
  object space 89088K, 76% used [0x0000000080000000,0x0000000084244c70,0x0000000085700000)
 Metaspace       used 60327K, committed 61568K, reserved 1114112K
  class space    used 7149K, committed 7680K, reserved 1048576K
}
Event: 14.941 GC heap before
{Heap before GC invocations=92 (full 3):
 PSYoungGen      total 5120K, used 5097K [0x00000000d5580000, 0x00000000d5d80000, 0x0000000100000000)
  eden space 4608K, 100% used [0x00000000d5580000,0x00000000d5a00000,0x00000000d5a00000)
  from space 512K, 95% used [0x00000000d5d00000,0x00000000d5d7a460,0x00000000d5d80000)
  to   space 512K, 0% used [0x00000000d5c80000,0x00000000d5c80000,0x00000000d5d00000)
 ParOldGen       total 89088K, used 67859K [0x0000000080000000, 0x0000000085700000, 0x00000000d5580000)
  object space 89088K, 76% used [0x0000000080000000,0x0000000084244c70,0x0000000085700000)
 Metaspace       used 60913K, committed 62208K, reserved 1114112K
  class space    used 7232K, committed 7808K, reserved 1048576K
}
Event: 14.942 GC heap after
{Heap after GC invocations=92 (full 3):
 PSYoungGen      total 5120K, used 352K [0x00000000d5580000, 0x00000000d5d80000, 0x0000000100000000)
  eden space 4608K, 0% used [0x00000000d5580000,0x00000000d5580000,0x00000000d5a00000)
  from space 512K, 68% used [0x00000000d5c80000,0x00000000d5cd8010,0x00000000d5d00000)
  to   space 512K, 0% used [0x00000000d5d00000,0x00000000d5d00000,0x00000000d5d80000)
 ParOldGen       total 89088K, used 68156K [0x0000000080000000, 0x0000000085700000, 0x00000000d5580000)
  object space 89088K, 76% used [0x0000000080000000,0x000000008428f0f0,0x0000000085700000)
 Metaspace       used 60913K, committed 62208K, reserved 1114112K
  class space    used 7232K, committed 7808K, reserved 1048576K
}
Event: 15.052 GC heap before
{Heap before GC invocations=93 (full 3):
 PSYoungGen      total 5120K, used 4960K [0x00000000d5580000, 0x00000000d5d80000, 0x0000000100000000)
  eden space 4608K, 100% used [0x00000000d5580000,0x00000000d5a00000,0x00000000d5a00000)
  from space 512K, 68% used [0x00000000d5c80000,0x00000000d5cd8010,0x00000000d5d00000)
  to   space 512K, 0% used [0x00000000d5d00000,0x00000000d5d00000,0x00000000d5d80000)
 ParOldGen       total 89088K, used 68156K [0x0000000080000000, 0x0000000085700000, 0x00000000d5580000)
  object space 89088K, 76% used [0x0000000080000000,0x000000008428f0f0,0x0000000085700000)
 Metaspace       used 61132K, committed 62400K, reserved 1114112K
  class space    used 7260K, committed 7808K, reserved 1048576K
}
Event: 15.054 GC heap after
{Heap after GC invocations=93 (full 3):
 PSYoungGen      total 5120K, used 320K [0x00000000d5580000, 0x00000000d5d80000, 0x0000000100000000)
  eden space 4608K, 0% used [0x00000000d5580000,0x00000000d5580000,0x00000000d5a00000)
  from space 512K, 62% used [0x00000000d5d00000,0x00000000d5d50000,0x00000000d5d80000)
  to   space 512K, 0% used [0x00000000d5c80000,0x00000000d5c80000,0x00000000d5d00000)
 ParOldGen       total 89088K, used 68356K [0x0000000080000000, 0x0000000085700000, 0x00000000d5580000)
  object space 89088K, 76% used [0x0000000080000000,0x00000000842c1100,0x0000000085700000)
 Metaspace       used 61132K, committed 62400K, reserved 1114112K
  class space    used 7260K, committed 7808K, reserved 1048576K
}
Event: 15.162 GC heap before
{Heap before GC invocations=94 (full 3):
 PSYoungGen      total 5120K, used 4745K [0x00000000d5580000, 0x00000000d5d80000, 0x0000000100000000)
  eden space 4608K, 96% used [0x00000000d5580000,0x00000000d59d2500,0x00000000d5a00000)
  from space 512K, 62% used [0x00000000d5d00000,0x00000000d5d50000,0x00000000d5d80000)
  to   space 512K, 0% used [0x00000000d5c80000,0x00000000d5c80000,0x00000000d5d00000)
 ParOldGen       total 89088K, used 68356K [0x0000000080000000, 0x0000000085700000, 0x00000000d5580000)
  object space 89088K, 76% used [0x0000000080000000,0x00000000842c1100,0x0000000085700000)
 Metaspace       used 61839K, committed 63168K, reserved 1114112K
  class space    used 7334K, committed 7936K, reserved 1048576K
}
Event: 15.164 GC heap after
{Heap after GC invocations=94 (full 3):
 PSYoungGen      total 5120K, used 503K [0x00000000d5580000, 0x00000000d5d80000, 0x0000000100000000)
  eden space 4608K, 0% used [0x00000000d5580000,0x00000000d5580000,0x00000000d5a00000)
  from space 512K, 98% used [0x00000000d5c80000,0x00000000d5cfdce8,0x00000000d5d00000)
  to   space 512K, 0% used [0x00000000d5d00000,0x00000000d5d00000,0x00000000d5d80000)
 ParOldGen       total 89088K, used 68955K [0x0000000080000000, 0x0000000085700000, 0x00000000d5580000)
  object space 89088K, 77% used [0x0000000080000000,0x0000000084356df8,0x0000000085700000)
 Metaspace       used 61839K, committed 63168K, reserved 1114112K
  class space    used 7334K, committed 7936K, reserved 1048576K
}
Event: 15.246 GC heap before
{Heap before GC invocations=95 (full 3):
 PSYoungGen      total 5120K, used 5111K [0x00000000d5580000, 0x00000000d5d80000, 0x0000000100000000)
  eden space 4608K, 100% used [0x00000000d5580000,0x00000000d5a00000,0x00000000d5a00000)
  from space 512K, 98% used [0x00000000d5c80000,0x00000000d5cfdce8,0x00000000d5d00000)
  to   space 512K, 0% used [0x00000000d5d00000,0x00000000d5d00000,0x00000000d5d80000)
 ParOldGen       total 89088K, used 68955K [0x0000000080000000, 0x0000000085700000, 0x00000000d5580000)
  object space 89088K, 77% used [0x0000000080000000,0x0000000084356df8,0x0000000085700000)
 Metaspace       used 62149K, committed 63424K, reserved 1114112K
  class space    used 7378K, committed 7936K, reserved 1048576K
}
Event: 15.247 GC heap after
{Heap after GC invocations=95 (full 3):
 PSYoungGen      total 5120K, used 320K [0x00000000d5580000, 0x00000000d5d80000, 0x0000000100000000)
  eden space 4608K, 0% used [0x00000000d5580000,0x00000000d5580000,0x00000000d5a00000)
  from space 512K, 62% used [0x00000000d5d00000,0x00000000d5d50000,0x00000000d5d80000)
  to   space 1024K, 0% used [0x00000000d5b80000,0x00000000d5b80000,0x00000000d5c80000)
 ParOldGen       total 89088K, used 69203K [0x0000000080000000, 0x0000000085700000, 0x00000000d5580000)
  object space 89088K, 77% used [0x0000000080000000,0x0000000084394e18,0x0000000085700000)
 Metaspace       used 62149K, committed 63424K, reserved 1114112K
  class space    used 7378K, committed 7936K, reserved 1048576K
}

